<?xml version="1.0" encoding="UTF-8"?>
<coverage generated="1644400804952" clover="3.2.0">
  <project timestamp="1644400804952" name="All files">
    <metrics statements="195" coveredstatements="170" conditionals="78" coveredconditionals="66" methods="63" coveredmethods="54" elements="336" coveredelements="290" complexity="0" loc="195" ncloc="195" packages="22" files="24" classes="24"/>
    <package name="src">
      <metrics statements="0" coveredstatements="0" conditionals="0" coveredconditionals="0" methods="0" coveredmethods="0"/>
      <file name="react-app-env.d.ts" path="/home/puneetv/Documents/web/react/Assignment/blinkist/src/react-app-env.d.ts">
        <metrics statements="0" coveredstatements="0" conditionals="0" coveredconditionals="0" methods="0" coveredmethods="0"/>
      </file>
    </package>
    <package name="src.component.atom.Blank">
      <metrics statements="2" coveredstatements="2" conditionals="0" coveredconditionals="0" methods="1" coveredmethods="1"/>
      <file name="index.tsx" path="/home/puneetv/Documents/web/react/Assignment/blinkist/src/component/atom/Blank/index.tsx">
        <metrics statements="2" coveredstatements="2" conditionals="0" coveredconditionals="0" methods="1" coveredmethods="1"/>
        <line num="3" count="2" type="stmt"/>
        <line num="4" count="1" type="stmt"/>
      </file>
    </package>
    <package name="src.component.atom.Button">
      <metrics statements="2" coveredstatements="2" conditionals="0" coveredconditionals="0" methods="1" coveredmethods="1"/>
      <file name="index.tsx" path="/home/puneetv/Documents/web/react/Assignment/blinkist/src/component/atom/Button/index.tsx">
        <metrics statements="2" coveredstatements="2" conditionals="0" coveredconditionals="0" methods="1" coveredmethods="1"/>
        <line num="4" count="4" type="stmt"/>
        <line num="5" count="25" type="stmt"/>
      </file>
    </package>
    <package name="src.component.atom.Icon">
      <metrics statements="2" coveredstatements="2" conditionals="0" coveredconditionals="0" methods="1" coveredmethods="1"/>
      <file name="index.tsx" path="/home/puneetv/Documents/web/react/Assignment/blinkist/src/component/atom/Icon/index.tsx">
        <metrics statements="2" coveredstatements="2" conditionals="0" coveredconditionals="0" methods="1" coveredmethods="1"/>
        <line num="2" count="6" type="stmt"/>
        <line num="3" count="156" type="stmt"/>
      </file>
    </package>
    <package name="src.component.atom.Image">
      <metrics statements="2" coveredstatements="2" conditionals="0" coveredconditionals="0" methods="1" coveredmethods="1"/>
      <file name="index.tsx" path="/home/puneetv/Documents/web/react/Assignment/blinkist/src/component/atom/Image/index.tsx">
        <metrics statements="2" coveredstatements="2" conditionals="0" coveredconditionals="0" methods="1" coveredmethods="1"/>
        <line num="2" count="9" type="stmt"/>
        <line num="3" count="94" type="stmt"/>
      </file>
    </package>
    <package name="src.component.atom.Input">
      <metrics statements="3" coveredstatements="3" conditionals="0" coveredconditionals="0" methods="1" coveredmethods="1"/>
      <file name="index.tsx" path="/home/puneetv/Documents/web/react/Assignment/blinkist/src/component/atom/Input/index.tsx">
        <metrics statements="3" coveredstatements="3" conditionals="0" coveredconditionals="0" methods="1" coveredmethods="1"/>
        <line num="2" count="5" type="stmt"/>
        <line num="3" count="10" type="stmt"/>
        <line num="4" count="10" type="stmt"/>
      </file>
    </package>
    <package name="src.component.atom.ProgressBar">
      <metrics statements="2" coveredstatements="2" conditionals="2" coveredconditionals="2" methods="1" coveredmethods="1"/>
      <file name="index.tsx" path="/home/puneetv/Documents/web/react/Assignment/blinkist/src/component/atom/ProgressBar/index.tsx">
        <metrics statements="2" coveredstatements="2" conditionals="2" coveredconditionals="2" methods="1" coveredmethods="1"/>
        <line num="3" count="5" type="stmt"/>
        <line num="4" count="58" type="stmt"/>
      </file>
    </package>
    <package name="src.component.atom.Typography">
      <metrics statements="2" coveredstatements="2" conditionals="0" coveredconditionals="0" methods="1" coveredmethods="1"/>
      <file name="index.tsx" path="/home/puneetv/Documents/web/react/Assignment/blinkist/src/component/atom/Typography/index.tsx">
        <metrics statements="2" coveredstatements="2" conditionals="0" coveredconditionals="0" methods="1" coveredmethods="1"/>
        <line num="4" count="13" type="stmt"/>
        <line num="5" count="537" type="stmt"/>
      </file>
    </package>
    <package name="src.component.molecule.Banner">
      <metrics statements="4" coveredstatements="4" conditionals="0" coveredconditionals="0" methods="2" coveredmethods="2"/>
      <file name="index.tsx" path="/home/puneetv/Documents/web/react/Assignment/blinkist/src/component/molecule/Banner/index.tsx">
        <metrics statements="4" coveredstatements="4" conditionals="0" coveredconditionals="0" methods="2" coveredmethods="2"/>
        <line num="6" count="7" type="stmt"/>
        <line num="31" count="3" type="stmt"/>
        <line num="32" count="7" type="stmt"/>
        <line num="33" count="7" type="stmt"/>
      </file>
    </package>
    <package name="src.component.molecule.Logo">
      <metrics statements="2" coveredstatements="2" conditionals="1" coveredconditionals="1" methods="1" coveredmethods="1"/>
      <file name="index.tsx" path="/home/puneetv/Documents/web/react/Assignment/blinkist/src/component/molecule/Logo/index.tsx">
        <metrics statements="2" coveredstatements="2" conditionals="1" coveredconditionals="1" methods="1" coveredmethods="1"/>
        <line num="4" count="4" type="cond" truecount="1" falsecount="0"/>
        <line num="5" count="7" type="stmt"/>
      </file>
    </package>
    <package name="src.component.molecule.NavIcon">
      <metrics statements="2" coveredstatements="2" conditionals="4" coveredconditionals="4" methods="1" coveredmethods="1"/>
      <file name="index.tsx" path="/home/puneetv/Documents/web/react/Assignment/blinkist/src/component/molecule/NavIcon/index.tsx">
        <metrics statements="2" coveredstatements="2" conditionals="4" coveredconditionals="4" methods="1" coveredmethods="1"/>
        <line num="3" count="3" type="stmt"/>
        <line num="4" count="133" type="stmt"/>
      </file>
    </package>
    <package name="src.component.molecule.Search">
      <metrics statements="12" coveredstatements="12" conditionals="7" coveredconditionals="7" methods="5" coveredmethods="5"/>
      <file name="index.tsx" path="/home/puneetv/Documents/web/react/Assignment/blinkist/src/component/molecule/Search/index.tsx">
        <metrics statements="12" coveredstatements="12" conditionals="7" coveredconditionals="7" methods="5" coveredmethods="5"/>
        <line num="7" count="3" type="stmt"/>
        <line num="8" count="4" type="stmt"/>
        <line num="9" count="3" type="stmt"/>
        <line num="10" count="1" type="stmt"/>
        <line num="11" count="1" type="stmt"/>
        <line num="13" count="12" type="stmt"/>
        <line num="14" count="94" type="cond" truecount="5" falsecount="0"/>
        <line num="15" count="2" type="stmt"/>
        <line num="18" count="10" type="stmt"/>
        <line num="20" count="2" type="stmt"/>
        <line num="28" count="3" type="stmt"/>
        <line num="48" count="2" type="stmt"/>
      </file>
    </package>
    <package name="src.component.molecule.tabs">
      <metrics statements="8" coveredstatements="8" conditionals="2" coveredconditionals="2" methods="4" coveredmethods="4"/>
      <file name="index.tsx" path="/home/puneetv/Documents/web/react/Assignment/blinkist/src/component/molecule/tabs/index.tsx">
        <metrics statements="8" coveredstatements="8" conditionals="2" coveredconditionals="2" methods="4" coveredmethods="4"/>
        <line num="9" count="9" type="stmt"/>
        <line num="19" count="13" type="stmt"/>
        <line num="20" count="13" type="cond" truecount="2" falsecount="0"/>
        <line num="21" count="13" type="stmt"/>
        <line num="22" count="4" type="stmt"/>
        <line num="23" count="4" type="stmt"/>
        <line num="25" count="13" type="stmt"/>
        <line num="39" count="31" type="stmt"/>
      </file>
    </package>
    <package name="src.component.organism.Card">
      <metrics statements="8" coveredstatements="8" conditionals="17" coveredconditionals="16" methods="3" coveredmethods="3"/>
      <file name="index.tsx" path="/home/puneetv/Documents/web/react/Assignment/blinkist/src/component/organism/Card/index.tsx">
        <metrics statements="8" coveredstatements="8" conditionals="17" coveredconditionals="16" methods="3" coveredmethods="3"/>
        <line num="12" count="4" type="stmt"/>
        <line num="54" count="4" type="cond" truecount="0" falsecount="1"/>
        <line num="55" count="75" type="stmt"/>
        <line num="56" count="75" type="stmt"/>
        <line num="57" count="75" type="stmt"/>
        <line num="58" count="2" type="stmt"/>
        <line num="60" count="75" type="stmt"/>
        <line num="97" count="2" type="stmt"/>
      </file>
    </package>
    <package name="src.component.organism.Explore">
      <metrics statements="8" coveredstatements="8" conditionals="0" coveredconditionals="0" methods="3" coveredmethods="3"/>
      <file name="index.tsx" path="/home/puneetv/Documents/web/react/Assignment/blinkist/src/component/organism/Explore/index.tsx">
        <metrics statements="8" coveredstatements="8" conditionals="0" coveredconditionals="0" methods="3" coveredmethods="3"/>
        <line num="14" count="5" type="stmt"/>
        <line num="23" count="2" type="stmt"/>
        <line num="59" count="2" type="stmt"/>
        <line num="60" count="5" type="stmt"/>
        <line num="61" count="5" type="stmt"/>
        <line num="63" count="5" type="stmt"/>
        <line num="170" count="5" type="stmt"/>
        <line num="189" count="130" type="stmt"/>
      </file>
    </package>
    <package name="src.component.organism.Footer">
      <metrics statements="5" coveredstatements="5" conditionals="0" coveredconditionals="0" methods="3" coveredmethods="3"/>
      <file name="index.tsx" path="/home/puneetv/Documents/web/react/Assignment/blinkist/src/component/organism/Footer/index.tsx">
        <metrics statements="5" coveredstatements="5" conditionals="0" coveredconditionals="0" methods="3" coveredmethods="3"/>
        <line num="4" count="2" type="stmt"/>
        <line num="5" count="6" type="stmt"/>
        <line num="34" count="6" type="stmt"/>
        <line num="47" count="18" type="stmt"/>
        <line num="55" count="72" type="stmt"/>
      </file>
    </package>
    <package name="src.component.organism.Header">
      <metrics statements="18" coveredstatements="9" conditionals="8" coveredconditionals="4" methods="8" coveredmethods="2"/>
      <file name="index.tsx" path="/home/puneetv/Documents/web/react/Assignment/blinkist/src/component/organism/Header/index.tsx">
        <metrics statements="18" coveredstatements="9" conditionals="8" coveredconditionals="4" methods="8" coveredmethods="2"/>
        <line num="12" count="2" type="stmt"/>
        <line num="13" count="4" type="stmt"/>
        <line num="14" count="2" type="stmt"/>
        <line num="15" count="2" type="stmt"/>
        <line num="16" count="2" type="stmt"/>
        <line num="17" count="2" type="stmt"/>
        <line num="18" count="0" type="stmt"/>
        <line num="20" count="2" type="stmt"/>
        <line num="21" count="0" type="stmt"/>
        <line num="23" count="2" type="stmt"/>
        <line num="34" count="0" type="stmt"/>
        <line num="35" count="0" type="stmt"/>
        <line num="40" count="0" type="stmt"/>
        <line num="41" count="0" type="stmt"/>
        <line num="45" count="0" type="stmt"/>
        <line num="46" count="0" type="stmt"/>
        <line num="84" count="2" type="stmt"/>
        <line num="85" count="0" type="stmt"/>
      </file>
    </package>
    <package name="src.component.page.BookInfo">
      <metrics statements="46" coveredstatements="33" conditionals="14" coveredconditionals="10" methods="10" coveredmethods="8"/>
      <file name="index.tsx" path="/home/puneetv/Documents/web/react/Assignment/blinkist/src/component/page/BookInfo/index.tsx">
        <metrics statements="46" coveredstatements="33" conditionals="14" coveredconditionals="10" methods="10" coveredmethods="8"/>
        <line num="14" count="4" type="stmt"/>
        <line num="73" count="4" type="stmt"/>
        <line num="81" count="2" type="stmt"/>
        <line num="82" count="13" type="stmt"/>
        <line num="83" count="13" type="stmt"/>
        <line num="84" count="13" type="stmt"/>
        <line num="85" count="13" type="stmt"/>
        <line num="99" count="13" type="cond" truecount="1" falsecount="1"/>
        <line num="100" count="0" type="stmt"/>
        <line num="102" count="13" type="stmt"/>
        <line num="103" count="13" type="stmt"/>
        <line num="104" count="13" type="stmt"/>
        <line num="105" count="13" type="stmt"/>
        <line num="106" count="2" type="stmt"/>
        <line num="108" count="13" type="stmt"/>
        <line num="109" count="4" type="stmt"/>
        <line num="110" count="16" type="cond" truecount="1" falsecount="1"/>
        <line num="111" count="0" type="stmt"/>
        <line num="112" count="0" type="stmt"/>
        <line num="115" count="4" type="stmt"/>
        <line num="117" count="13" type="stmt"/>
        <line num="118" count="4" type="stmt"/>
        <line num="119" count="4" type="stmt"/>
        <line num="120" count="4" type="stmt"/>
        <line num="121" count="4" type="stmt"/>
        <line num="123" count="4" type="stmt"/>
        <line num="124" count="4" type="stmt"/>
        <line num="126" count="13" type="stmt"/>
        <line num="127" count="0" type="stmt"/>
        <line num="128" count="0" type="stmt"/>
        <line num="129" count="0" type="stmt"/>
        <line num="130" count="0" type="stmt"/>
        <line num="131" count="0" type="stmt"/>
        <line num="132" count="0" type="stmt"/>
        <line num="133" count="0" type="stmt"/>
        <line num="140" count="0" type="stmt"/>
        <line num="141" count="0" type="stmt"/>
        <line num="143" count="0" type="stmt"/>
        <line num="146" count="13" type="stmt"/>
        <line num="147" count="5" type="cond" truecount="2" falsecount="0"/>
        <line num="148" count="3" type="stmt"/>
        <line num="153" count="2" type="cond" truecount="2" falsecount="0"/>
        <line num="154" count="1" type="stmt"/>
        <line num="159" count="1" type="cond" truecount="1" falsecount="1"/>
        <line num="160" count="1" type="stmt"/>
        <line num="167" count="13" type="stmt"/>
      </file>
    </package>
    <package name="src.component.page.Home">
      <metrics statements="22" coveredstatements="21" conditionals="6" coveredconditionals="6" methods="7" coveredmethods="7"/>
      <file name="index.tsx" path="/home/puneetv/Documents/web/react/Assignment/blinkist/src/component/page/Home/index.tsx">
        <metrics statements="22" coveredstatements="21" conditionals="6" coveredconditionals="6" methods="7" coveredmethods="7"/>
        <line num="11" count="5" type="stmt"/>
        <line num="36" count="2" type="stmt"/>
        <line num="37" count="5" type="stmt"/>
        <line num="38" count="5" type="stmt"/>
        <line num="39" count="48" type="stmt"/>
        <line num="40" count="80" type="stmt"/>
        <line num="41" count="288" type="cond" truecount="2" falsecount="0"/>
        <line num="42" count="36" type="stmt"/>
        <line num="45" count="44" type="stmt"/>
        <line num="47" count="48" type="stmt"/>
        <line num="48" count="48" type="cond" truecount="2" falsecount="0"/>
        <line num="51" count="5" type="stmt"/>
        <line num="52" count="1" type="stmt"/>
        <line num="56" count="1" type="stmt"/>
        <line num="57" count="1" type="stmt"/>
        <line num="58" count="1" type="stmt"/>
        <line num="65" count="0" type="stmt"/>
        <line num="67" count="5" type="stmt"/>
        <line num="78" count="15" type="stmt"/>
        <line num="87" count="48" type="stmt"/>
        <line num="88" count="48" type="stmt"/>
        <line num="89" count="48" type="stmt"/>
      </file>
    </package>
    <package name="src.component.page.MyLibrary">
      <metrics statements="20" coveredstatements="20" conditionals="8" coveredconditionals="7" methods="5" coveredmethods="5"/>
      <file name="index.tsx" path="/home/puneetv/Documents/web/react/Assignment/blinkist/src/component/page/MyLibrary/index.tsx">
        <metrics statements="20" coveredstatements="20" conditionals="8" coveredconditionals="7" methods="5" coveredmethods="5"/>
        <line num="10" count="2" type="stmt"/>
        <line num="18" count="2" type="stmt"/>
        <line num="19" count="5" type="stmt"/>
        <line num="20" count="5" type="stmt"/>
        <line num="21" count="5" type="stmt"/>
        <line num="31" count="5" type="stmt"/>
        <line num="32" count="5" type="stmt"/>
        <line num="33" count="1" type="stmt"/>
        <line num="36" count="5" type="stmt"/>
        <line num="38" count="5" type="cond" truecount="2" falsecount="0"/>
        <line num="39" count="1" type="stmt"/>
        <line num="42" count="4" type="cond" truecount="2" falsecount="0"/>
        <line num="43" count="3" type="stmt"/>
        <line num="44" count="12" type="stmt"/>
        <line num="45" count="12" type="cond" truecount="2" falsecount="0"/>
        <line num="59" count="1" type="cond" truecount="1" falsecount="1"/>
        <line num="60" count="1" type="stmt"/>
        <line num="61" count="5" type="stmt"/>
        <line num="62" count="5" type="stmt"/>
        <line num="83" count="5" type="stmt"/>
      </file>
    </package>
    <package name="src.component.template.Template">
      <metrics statements="22" coveredstatements="20" conditionals="9" coveredconditionals="7" methods="4" coveredmethods="3"/>
      <file name="index.tsx" path="/home/puneetv/Documents/web/react/Assignment/blinkist/src/component/template/Template/index.tsx">
        <metrics statements="22" coveredstatements="20" conditionals="9" coveredconditionals="7" methods="4" coveredmethods="3"/>
        <line num="12" count="1" type="stmt"/>
        <line num="13" count="7" type="stmt"/>
        <line num="14" count="6" type="stmt"/>
        <line num="15" count="6" type="stmt"/>
        <line num="16" count="0" type="stmt"/>
        <line num="17" count="0" type="stmt"/>
        <line num="19" count="6" type="stmt"/>
        <line num="20" count="6" type="stmt"/>
        <line num="21" count="6" type="stmt"/>
        <line num="22" count="6" type="stmt"/>
        <line num="23" count="3" type="stmt"/>
        <line num="24" count="3" type="stmt"/>
        <line num="25" count="2" type="stmt"/>
        <line num="26" count="2" type="stmt"/>
        <line num="27" count="2" type="stmt"/>
        <line num="28" count="2" type="stmt"/>
        <line num="29" count="2" type="stmt"/>
        <line num="30" count="2" type="stmt"/>
        <line num="31" count="2" type="stmt"/>
        <line num="32" count="2" type="stmt"/>
        <line num="34" count="3" type="stmt"/>
        <line num="37" count="6" type="stmt"/>
      </file>
    </package>
    <package name="src.theme">
      <metrics statements="3" coveredstatements="3" conditionals="0" coveredconditionals="0" methods="0" coveredmethods="0"/>
      <file name="buttonTheme.ts" path="/home/puneetv/Documents/web/react/Assignment/blinkist/src/theme/buttonTheme.ts">
        <metrics statements="1" coveredstatements="1" conditionals="0" coveredconditionals="0" methods="0" coveredmethods="0"/>
        <line num="3" count="14" type="stmt"/>
      </file>
      <file name="mainTheme.ts" path="/home/puneetv/Documents/web/react/Assignment/blinkist/src/theme/mainTheme.ts">
        <metrics statements="1" coveredstatements="1" conditionals="0" coveredconditionals="0" methods="0" coveredmethods="0"/>
        <line num="58" count="7" type="stmt"/>
      </file>
      <file name="tabTheme.ts" path="/home/puneetv/Documents/web/react/Assignment/blinkist/src/theme/tabTheme.ts">
        <metrics statements="1" coveredstatements="1" conditionals="0" coveredconditionals="0" methods="0" coveredmethods="0"/>
        <line num="2" count="4" type="stmt"/>
      </file>
    </package>
  </project>
</coverage>
