{"/home/puneetv/Documents/web/react/Assignment/blinkist/src/App.tsx": {"path":"/home/puneetv/Documents/web/react/Assignment/blinkist/src/App.tsx","statementMap":{"0":{"start":{"line":4,"column":12},"end":{"line":12,"column":1}},"1":{"start":{"line":5,"column":2},"end":{"line":11,"column":4}}},"fnMap":{"0":{"name":"(anonymous_0)","decl":{"start":{"line":4,"column":12},"end":{"line":4,"column":13}},"loc":{"start":{"line":4,"column":18},"end":{"line":12,"column":1}},"line":4}},"branchMap":{},"s":{"0":0,"1":0},"f":{"0":0},"b":{}}
,"/home/puneetv/Documents/web/react/Assignment/blinkist/src/index.tsx": {"path":"/home/puneetv/Documents/web/react/Assignment/blinkist/src/index.tsx","statementMap":{"0":{"start":{"line":7,"column":0},"end":{"line":12,"column":2}},"1":{"start":{"line":17,"column":0},"end":{"line":17,"column":18}}},"fnMap":{},"branchMap":{},"s":{"0":0,"1":0},"f":{},"b":{}}
,"/home/puneetv/Documents/web/react/Assignment/blinkist/src/react-app-env.d.ts": {"path":"/home/puneetv/Documents/web/react/Assignment/blinkist/src/react-app-env.d.ts","statementMap":{},"fnMap":{},"branchMap":{},"s":{},"f":{},"b":{}}
,"/home/puneetv/Documents/web/react/Assignment/blinkist/src/reportWebVitals.ts": {"path":"/home/puneetv/Documents/web/react/Assignment/blinkist/src/reportWebVitals.ts","statementMap":{"0":{"start":{"line":3,"column":24},"end":{"line":13,"column":1}},"1":{"start":{"line":4,"column":2},"end":{"line":12,"column":3}},"2":{"start":{"line":5,"column":4},"end":{"line":11,"column":7}},"3":{"start":{"line":6,"column":6},"end":{"line":6,"column":26}},"4":{"start":{"line":7,"column":6},"end":{"line":7,"column":26}},"5":{"start":{"line":8,"column":6},"end":{"line":8,"column":26}},"6":{"start":{"line":9,"column":6},"end":{"line":9,"column":26}},"7":{"start":{"line":10,"column":6},"end":{"line":10,"column":27}}},"fnMap":{"0":{"name":"(anonymous_0)","decl":{"start":{"line":3,"column":24},"end":{"line":3,"column":25}},"loc":{"start":{"line":3,"column":57},"end":{"line":13,"column":1}},"line":3},"1":{"name":"(anonymous_1)","decl":{"start":{"line":5,"column":30},"end":{"line":5,"column":31}},"loc":{"start":{"line":5,"column":79},"end":{"line":11,"column":5}},"line":5}},"branchMap":{"0":{"loc":{"start":{"line":4,"column":2},"end":{"line":12,"column":3}},"type":"if","locations":[{"start":{"line":4,"column":2},"end":{"line":12,"column":3}},{"start":{},"end":{}}],"line":4},"1":{"loc":{"start":{"line":4,"column":6},"end":{"line":4,"column":52}},"type":"binary-expr","locations":[{"start":{"line":4,"column":6},"end":{"line":4,"column":17}},{"start":{"line":4,"column":21},"end":{"line":4,"column":52}}],"line":4}},"s":{"0":0,"1":0,"2":0,"3":0,"4":0,"5":0,"6":0,"7":0},"f":{"0":0,"1":0},"b":{"0":[0,0],"1":[0,0]}}
,"/home/puneetv/Documents/web/react/Assignment/blinkist/src/component/atom/Blank/index.tsx": {"path":"/home/puneetv/Documents/web/react/Assignment/blinkist/src/component/atom/Blank/index.tsx","statementMap":{"0":{"start":{"line":3,"column":23},"end":{"line":7,"column":1}},"1":{"start":{"line":4,"column":4},"end":{"line":6,"column":11}}},"fnMap":{"0":{"name":"(anonymous_0)","decl":{"start":{"line":3,"column":23},"end":{"line":3,"column":24}},"loc":{"start":{"line":3,"column":27},"end":{"line":7,"column":1}},"line":3}},"branchMap":{},"s":{"0":1,"1":1},"f":{"0":1},"b":{},"_coverageSchema":"1a1c01bbd47fc00a2c39e90264f33305004495a9","hash":"d35e8f241f63047fd92be612d859ba9b5dcb4c4a"}
,"/home/puneetv/Documents/web/react/Assignment/blinkist/src/component/atom/Button/index.tsx": {"path":"/home/puneetv/Documents/web/react/Assignment/blinkist/src/component/atom/Button/index.tsx","statementMap":{"0":{"start":{"line":4,"column":24},"end":{"line":12,"column":1}},"1":{"start":{"line":5,"column":2},"end":{"line":11,"column":3}}},"fnMap":{"0":{"name":"(anonymous_0)","decl":{"start":{"line":4,"column":24},"end":{"line":4,"column":25}},"loc":{"start":{"line":4,"column":39},"end":{"line":12,"column":1}},"line":4}},"branchMap":{},"s":{"0":1,"1":1},"f":{"0":1},"b":{},"_coverageSchema":"1a1c01bbd47fc00a2c39e90264f33305004495a9","hash":"f420c9472e5234158f7b5752544dac0c61f75b94"}
,"/home/puneetv/Documents/web/react/Assignment/blinkist/src/component/atom/Icon/index.tsx": {"path":"/home/puneetv/Documents/web/react/Assignment/blinkist/src/component/atom/Icon/index.tsx","statementMap":{"0":{"start":{"line":2,"column":22},"end":{"line":8,"column":1}},"1":{"start":{"line":3,"column":4},"end":{"line":7,"column":6}}},"fnMap":{"0":{"name":"(anonymous_0)","decl":{"start":{"line":2,"column":22},"end":{"line":2,"column":23}},"loc":{"start":{"line":2,"column":47},"end":{"line":8,"column":1}},"line":2}},"branchMap":{},"s":{"0":4,"1":121},"f":{"0":121},"b":{},"_coverageSchema":"1a1c01bbd47fc00a2c39e90264f33305004495a9","hash":"820dc31b6040f12dab7aa60446729daff3ba5f7d"}
,"/home/puneetv/Documents/web/react/Assignment/blinkist/src/component/atom/Image/index.tsx": {"path":"/home/puneetv/Documents/web/react/Assignment/blinkist/src/component/atom/Image/index.tsx","statementMap":{"0":{"start":{"line":2,"column":23},"end":{"line":6,"column":1}},"1":{"start":{"line":3,"column":4},"end":{"line":5,"column":6}}},"fnMap":{"0":{"name":"(anonymous_0)","decl":{"start":{"line":2,"column":23},"end":{"line":2,"column":24}},"loc":{"start":{"line":2,"column":38},"end":{"line":6,"column":1}},"line":2}},"branchMap":{},"s":{"0":6,"1":70},"f":{"0":70},"b":{},"_coverageSchema":"1a1c01bbd47fc00a2c39e90264f33305004495a9","hash":"46adc6b0c9fc90e9e2ce4ce9df8ac1922f5f5980"}
,"/home/puneetv/Documents/web/react/Assignment/blinkist/src/component/atom/Input/index.tsx": {"path":"/home/puneetv/Documents/web/react/Assignment/blinkist/src/component/atom/Input/index.tsx","statementMap":{"0":{"start":{"line":3,"column":23},"end":{"line":15,"column":1}},"1":{"start":{"line":4,"column":22},"end":{"line":4,"column":53}},"2":{"start":{"line":5,"column":4},"end":{"line":14,"column":5}}},"fnMap":{"0":{"name":"(anonymous_0)","decl":{"start":{"line":3,"column":23},"end":{"line":3,"column":24}},"loc":{"start":{"line":3,"column":61},"end":{"line":15,"column":1}},"line":3}},"branchMap":{},"s":{"0":3,"1":9,"2":9},"f":{"0":9},"b":{},"_coverageSchema":"1a1c01bbd47fc00a2c39e90264f33305004495a9","hash":"8fc4c6949d97c9ce305671d7380b5b52912d8ac3"}
,"/home/puneetv/Documents/web/react/Assignment/blinkist/src/component/atom/ProgressBar/index.tsx": {"path":"/home/puneetv/Documents/web/react/Assignment/blinkist/src/component/atom/ProgressBar/index.tsx","statementMap":{"0":{"start":{"line":3,"column":29},"end":{"line":7,"column":1}},"1":{"start":{"line":4,"column":4},"end":{"line":6,"column":5}}},"fnMap":{"0":{"name":"(anonymous_0)","decl":{"start":{"line":3,"column":29},"end":{"line":3,"column":30}},"loc":{"start":{"line":3,"column":56},"end":{"line":7,"column":1}},"line":3}},"branchMap":{"0":{"loc":{"start":{"line":5,"column":31},"end":{"line":5,"column":49}},"type":"cond-expr","locations":[{"start":{"line":5,"column":40},"end":{"line":5,"column":41}},{"start":{"line":5,"column":44},"end":{"line":5,"column":49}}],"line":5}},"s":{"0":4,"1":43},"f":{"0":43},"b":{"0":[24,19]},"_coverageSchema":"1a1c01bbd47fc00a2c39e90264f33305004495a9","hash":"ab7b5205a15dbafd2db1f59c0176945d93d4ce36"}
,"/home/puneetv/Documents/web/react/Assignment/blinkist/src/component/atom/Typography/index.tsx": {"path":"/home/puneetv/Documents/web/react/Assignment/blinkist/src/component/atom/Typography/index.tsx","statementMap":{"0":{"start":{"line":4,"column":28},"end":{"line":12,"column":1}},"1":{"start":{"line":5,"column":2},"end":{"line":11,"column":3}}},"fnMap":{"0":{"name":"(anonymous_0)","decl":{"start":{"line":4,"column":28},"end":{"line":4,"column":29}},"loc":{"start":{"line":4,"column":55},"end":{"line":12,"column":1}},"line":4}},"branchMap":{},"s":{"0":10,"1":434},"f":{"0":434},"b":{},"_coverageSchema":"1a1c01bbd47fc00a2c39e90264f33305004495a9","hash":"5f0a14c389f6046e49e82580c8717df11a633350"}
,"/home/puneetv/Documents/web/react/Assignment/blinkist/src/component/molecule/Banner/index.tsx": {"path":"/home/puneetv/Documents/web/react/Assignment/blinkist/src/component/molecule/Banner/index.tsx","statementMap":{"0":{"start":{"line":6,"column":18},"end":{"line":29,"column":3}},"1":{"start":{"line":6,"column":40},"end":{"line":29,"column":1}},"2":{"start":{"line":31,"column":24},"end":{"line":50,"column":1}},"3":{"start":{"line":32,"column":20},"end":{"line":32,"column":31}},"4":{"start":{"line":33,"column":4},"end":{"line":49,"column":6}}},"fnMap":{"0":{"name":"(anonymous_0)","decl":{"start":{"line":6,"column":29},"end":{"line":6,"column":30}},"loc":{"start":{"line":6,"column":40},"end":{"line":29,"column":1}},"line":6},"1":{"name":"(anonymous_1)","decl":{"start":{"line":31,"column":24},"end":{"line":31,"column":25}},"loc":{"start":{"line":31,"column":60},"end":{"line":50,"column":1}},"line":31}},"branchMap":{},"s":{"0":2,"1":6,"2":2,"3":6,"4":6},"f":{"0":6,"1":6},"b":{},"_coverageSchema":"1a1c01bbd47fc00a2c39e90264f33305004495a9","hash":"2c9347ae9f9f00e71bf7a1a5ed21f5879fce46fd"}
,"/home/puneetv/Documents/web/react/Assignment/blinkist/src/component/molecule/Logo/index.tsx": {"path":"/home/puneetv/Documents/web/react/Assignment/blinkist/src/component/molecule/Logo/index.tsx","statementMap":{"0":{"start":{"line":4,"column":22},"end":{"line":27,"column":1}},"1":{"start":{"line":5,"column":4},"end":{"line":26,"column":6}}},"fnMap":{"0":{"name":"(anonymous_0)","decl":{"start":{"line":4,"column":22},"end":{"line":4,"column":23}},"loc":{"start":{"line":4,"column":64},"end":{"line":27,"column":1}},"line":4}},"branchMap":{"0":{"loc":{"start":{"line":4,"column":24},"end":{"line":4,"column":33}},"type":"default-arg","locations":[{"start":{"line":4,"column":31},"end":{"line":4,"column":33}}],"line":4}},"s":{"0":2,"1":4},"f":{"0":4},"b":{"0":[1]},"_coverageSchema":"1a1c01bbd47fc00a2c39e90264f33305004495a9","hash":"b7c033681d8027eaa96f04d64cc5e3c541c36401"}
,"/home/puneetv/Documents/web/react/Assignment/blinkist/src/component/molecule/NavIcon/index.tsx": {"path":"/home/puneetv/Documents/web/react/Assignment/blinkist/src/component/molecule/NavIcon/index.tsx","statementMap":{"0":{"start":{"line":3,"column":25},"end":{"line":13,"column":1}},"1":{"start":{"line":4,"column":4},"end":{"line":12,"column":5}}},"fnMap":{"0":{"name":"(anonymous_0)","decl":{"start":{"line":3,"column":25},"end":{"line":3,"column":26}},"loc":{"start":{"line":3,"column":39},"end":{"line":13,"column":1}},"line":3}},"branchMap":{"0":{"loc":{"start":{"line":6,"column":17},"end":{"line":6,"column":53}},"type":"cond-expr","locations":[{"start":{"line":6,"column":34},"end":{"line":6,"column":48}},{"start":{"line":6,"column":51},"end":{"line":6,"column":53}}],"line":6},"1":{"loc":{"start":{"line":10,"column":17},"end":{"line":10,"column":55}},"type":"cond-expr","locations":[{"start":{"line":10,"column":35},"end":{"line":10,"column":50}},{"start":{"line":10,"column":53},"end":{"line":10,"column":55}}],"line":10}},"s":{"0":2,"1":133},"f":{"0":133},"b":{"0":[132,1],"1":[1,132]},"_coverageSchema":"1a1c01bbd47fc00a2c39e90264f33305004495a9","hash":"5c06b761c15f35a95135abf6e30b7397a1fe21db"}
,"/home/puneetv/Documents/web/react/Assignment/blinkist/src/component/molecule/Search/index.tsx": {"path":"/home/puneetv/Documents/web/react/Assignment/blinkist/src/component/molecule/Search/index.tsx","statementMap":{"0":{"start":{"line":7,"column":24},"end":{"line":67,"column":1}},"1":{"start":{"line":8,"column":44},"end":{"line":8,"column":63}},"2":{"start":{"line":9,"column":29},"end":{"line":27,"column":5}},"3":{"start":{"line":10,"column":24},"end":{"line":10,"column":42}},"4":{"start":{"line":11,"column":8},"end":{"line":26,"column":9}},"5":{"start":{"line":13,"column":16},"end":{"line":17,"column":17}},"6":{"start":{"line":14,"column":20},"end":{"line":16,"column":21}},"7":{"start":{"line":15,"column":24},"end":{"line":15,"column":36}},"8":{"start":{"line":18,"column":16},"end":{"line":18,"column":29}},"9":{"start":{"line":20,"column":16},"end":{"line":24,"column":17}},"10":{"start":{"line":28,"column":4},"end":{"line":66,"column":6}},"11":{"start":{"line":48,"column":13},"end":{"line":61,"column":19}}},"fnMap":{"0":{"name":"(anonymous_0)","decl":{"start":{"line":7,"column":24},"end":{"line":7,"column":25}},"loc":{"start":{"line":7,"column":40},"end":{"line":67,"column":1}},"line":7},"1":{"name":"(anonymous_1)","decl":{"start":{"line":9,"column":29},"end":{"line":9,"column":30}},"loc":{"start":{"line":9,"column":50},"end":{"line":27,"column":5}},"line":9},"2":{"name":"(anonymous_2)","decl":{"start":{"line":12,"column":31},"end":{"line":12,"column":32}},"loc":{"start":{"line":12,"column":49},"end":{"line":19,"column":13}},"line":12},"3":{"name":"(anonymous_3)","decl":{"start":{"line":19,"column":19},"end":{"line":19,"column":20}},"loc":{"start":{"line":19,"column":38},"end":{"line":25,"column":13}},"line":19},"4":{"name":"(anonymous_4)","decl":{"start":{"line":47,"column":49},"end":{"line":47,"column":50}},"loc":{"start":{"line":48,"column":13},"end":{"line":61,"column":19}},"line":48}},"branchMap":{"0":{"loc":{"start":{"line":14,"column":20},"end":{"line":16,"column":21}},"type":"if","locations":[{"start":{"line":14,"column":20},"end":{"line":16,"column":21}},{"start":{},"end":{}}],"line":14},"1":{"loc":{"start":{"line":14,"column":23},"end":{"line":14,"column":156}},"type":"binary-expr","locations":[{"start":{"line":14,"column":23},"end":{"line":14,"column":43}},{"start":{"line":14,"column":47},"end":{"line":14,"column":92}},{"start":{"line":14,"column":96},"end":{"line":14,"column":156}}],"line":14},"2":{"loc":{"start":{"line":47,"column":7},"end":{"line":62,"column":8}},"type":"binary-expr","locations":[{"start":{"line":47,"column":7},"end":{"line":47,"column":28}},{"start":{"line":47,"column":32},"end":{"line":62,"column":8}}],"line":47}},"s":{"0":1,"1":4,"2":3,"3":1,"4":1,"5":12,"6":94,"7":2,"8":10,"9":2,"10":3,"11":2},"f":{"0":4,"1":1,"2":12,"3":2,"4":2},"b":{"0":[2,92],"1":[94,94,82],"2":[3,1]},"_coverageSchema":"1a1c01bbd47fc00a2c39e90264f33305004495a9","hash":"1da9cd90d36507d404c05ca4c0817abbdd03d0f6"}
,"/home/puneetv/Documents/web/react/Assignment/blinkist/src/component/molecule/tabs/index.tsx": {"path":"/home/puneetv/Documents/web/react/Assignment/blinkist/src/component/molecule/tabs/index.tsx","statementMap":{"0":{"start":{"line":9,"column":18},"end":{"line":16,"column":3}},"1":{"start":{"line":9,"column":42},"end":{"line":16,"column":1}},"2":{"start":{"line":19,"column":18},"end":{"line":19,"column":29}},"3":{"start":{"line":20,"column":28},"end":{"line":20,"column":71}},"4":{"start":{"line":21,"column":23},"end":{"line":24,"column":3}},"5":{"start":{"line":22,"column":4},"end":{"line":22,"column":23}},"6":{"start":{"line":23,"column":4},"end":{"line":23,"column":33}},"7":{"start":{"line":25,"column":2},"end":{"line":52,"column":4}},"8":{"start":{"line":39,"column":12},"end":{"line":46,"column":14}}},"fnMap":{"0":{"name":"(anonymous_0)","decl":{"start":{"line":9,"column":29},"end":{"line":9,"column":30}},"loc":{"start":{"line":9,"column":42},"end":{"line":16,"column":1}},"line":9},"1":{"name":"TabsWrappedLabel","decl":{"start":{"line":18,"column":24},"end":{"line":18,"column":40}},"loc":{"start":{"line":18,"column":67},"end":{"line":53,"column":1}},"line":18},"2":{"name":"(anonymous_2)","decl":{"start":{"line":21,"column":23},"end":{"line":21,"column":24}},"loc":{"start":{"line":21,"column":74},"end":{"line":24,"column":3}},"line":21},"3":{"name":"(anonymous_3)","decl":{"start":{"line":38,"column":22},"end":{"line":38,"column":23}},"loc":{"start":{"line":38,"column":39},"end":{"line":47,"column":11}},"line":38}},"branchMap":{"0":{"loc":{"start":{"line":20,"column":43},"end":{"line":20,"column":70}},"type":"binary-expr","locations":[{"start":{"line":20,"column":43},"end":{"line":20,"column":50}},{"start":{"line":20,"column":54},"end":{"line":20,"column":70}}],"line":20}},"s":{"0":2,"1":6,"2":8,"3":8,"4":8,"5":2,"6":2,"7":8,"8":16},"f":{"0":6,"1":8,"2":2,"3":16},"b":{"0":[8,8]},"_coverageSchema":"1a1c01bbd47fc00a2c39e90264f33305004495a9","hash":"3e7417027296178655e95b1f16d132ce236cbe9e"}
,"/home/puneetv/Documents/web/react/Assignment/blinkist/src/component/organism/Card/index.tsx": {"path":"/home/puneetv/Documents/web/react/Assignment/blinkist/src/component/organism/Card/index.tsx","statementMap":{"0":{"start":{"line":12,"column":13},"end":{"line":52,"column":1}},"1":{"start":{"line":54,"column":22},"end":{"line":113,"column":1}},"2":{"start":{"line":55,"column":40},"end":{"line":55,"column":55}},"3":{"start":{"line":56,"column":54},"end":{"line":56,"column":73}},"4":{"start":{"line":57,"column":31},"end":{"line":59,"column":5}},"5":{"start":{"line":58,"column":8},"end":{"line":58,"column":34}},"6":{"start":{"line":60,"column":4},"end":{"line":112,"column":6}},"7":{"start":{"line":97,"column":24},"end":{"line":97,"column":74}}},"fnMap":{"0":{"name":"(anonymous_0)","decl":{"start":{"line":54,"column":22},"end":{"line":54,"column":23}},"loc":{"start":{"line":54,"column":153},"end":{"line":113,"column":1}},"line":54},"1":{"name":"(anonymous_1)","decl":{"start":{"line":57,"column":31},"end":{"line":57,"column":32}},"loc":{"start":{"line":57,"column":35},"end":{"line":59,"column":5}},"line":57},"2":{"name":"(anonymous_2)","decl":{"start":{"line":96,"column":34},"end":{"line":96,"column":35}},"loc":{"start":{"line":97,"column":24},"end":{"line":97,"column":74}},"line":97}},"branchMap":{"0":{"loc":{"start":{"line":54,"column":62},"end":{"line":54,"column":88}},"type":"default-arg","locations":[{"start":{"line":54,"column":73},"end":{"line":54,"column":88}}],"line":54},"1":{"loc":{"start":{"line":63,"column":36},"end":{"line":63,"column":100}},"type":"cond-expr","locations":[{"start":{"line":63,"column":63},"end":{"line":63,"column":90}},{"start":{"line":63,"column":93},"end":{"line":63,"column":100}}],"line":63},"2":{"loc":{"start":{"line":63,"column":36},"end":{"line":63,"column":60}},"type":"binary-expr","locations":[{"start":{"line":63,"column":36},"end":{"line":63,"column":46}},{"start":{"line":63,"column":50},"end":{"line":63,"column":60}}],"line":63},"3":{"loc":{"start":{"line":70,"column":40},"end":{"line":70,"column":104}},"type":"cond-expr","locations":[{"start":{"line":70,"column":67},"end":{"line":70,"column":94}},{"start":{"line":70,"column":97},"end":{"line":70,"column":104}}],"line":70},"4":{"loc":{"start":{"line":70,"column":40},"end":{"line":70,"column":64}},"type":"binary-expr","locations":[{"start":{"line":70,"column":40},"end":{"line":70,"column":50}},{"start":{"line":70,"column":54},"end":{"line":70,"column":64}}],"line":70},"5":{"loc":{"start":{"line":89,"column":17},"end":{"line":89,"column":130}},"type":"cond-expr","locations":[{"start":{"line":89,"column":37},"end":{"line":89,"column":125}},{"start":{"line":89,"column":128},"end":{"line":89,"column":130}}],"line":89},"6":{"loc":{"start":{"line":93,"column":17},"end":{"line":108,"column":26}},"type":"cond-expr","locations":[{"start":{"line":94,"column":20},"end":{"line":94,"column":102}},{"start":{"line":96,"column":20},"end":{"line":108,"column":26}}],"line":93},"7":{"loc":{"start":{"line":101,"column":34},"end":{"line":101,"column":67}},"type":"cond-expr","locations":[{"start":{"line":101,"column":48},"end":{"line":101,"column":57}},{"start":{"line":101,"column":60},"end":{"line":101,"column":67}}],"line":101},"8":{"loc":{"start":{"line":102,"column":44},"end":{"line":102,"column":76}},"type":"cond-expr","locations":[{"start":{"line":102,"column":57},"end":{"line":102,"column":66}},{"start":{"line":102,"column":69},"end":{"line":102,"column":76}}],"line":102}},"s":{"0":3,"1":3,"2":60,"3":60,"4":60,"5":2,"6":60,"7":2},"f":{"0":60,"1":2,"2":2},"b":{"0":[0],"1":[2,58],"2":[60,21],"3":[2,58],"4":[60,21],"5":[40,20],"6":[40,20],"7":[18,2],"8":[2,18]},"_coverageSchema":"1a1c01bbd47fc00a2c39e90264f33305004495a9","hash":"a49994e0ce38c157995f43be81c9f478e0d2065d"}
,"/home/puneetv/Documents/web/react/Assignment/blinkist/src/component/organism/Explore/index.tsx": {"path":"/home/puneetv/Documents/web/react/Assignment/blinkist/src/component/organism/Explore/index.tsx","statementMap":{"0":{"start":{"line":15,"column":18},"end":{"line":22,"column":3}},"1":{"start":{"line":15,"column":40},"end":{"line":22,"column":1}},"2":{"start":{"line":24,"column":17},"end":{"line":57,"column":2}},"3":{"start":{"line":60,"column":25},"end":{"line":208,"column":1}},"4":{"start":{"line":61,"column":20},"end":{"line":61,"column":30}},"5":{"start":{"line":62,"column":21},"end":{"line":62,"column":32}},"6":{"start":{"line":63,"column":20},"end":{"line":76,"column":5}},"7":{"start":{"line":77,"column":16},"end":{"line":182,"column":5}},"8":{"start":{"line":184,"column":4},"end":{"line":207,"column":5}},"9":{"start":{"line":203,"column":24},"end":{"line":203,"column":121}}},"fnMap":{"0":{"name":"(anonymous_0)","decl":{"start":{"line":15,"column":29},"end":{"line":15,"column":30}},"loc":{"start":{"line":15,"column":40},"end":{"line":22,"column":1}},"line":15},"1":{"name":"(anonymous_1)","decl":{"start":{"line":60,"column":25},"end":{"line":60,"column":26}},"loc":{"start":{"line":60,"column":29},"end":{"line":208,"column":1}},"line":60},"2":{"name":"(anonymous_2)","decl":{"start":{"line":202,"column":30},"end":{"line":202,"column":31}},"loc":{"start":{"line":202,"column":45},"end":{"line":204,"column":21}},"line":202}},"branchMap":{},"s":{"0":1,"1":5,"2":1,"3":1,"4":5,"5":5,"6":5,"7":5,"8":5,"9":130},"f":{"0":5,"1":5,"2":130},"b":{},"_coverageSchema":"1a1c01bbd47fc00a2c39e90264f33305004495a9","hash":"cac9f2677f16efff4061bb80e43f4c3ac6fd1b07"}
,"/home/puneetv/Documents/web/react/Assignment/blinkist/src/component/organism/Footer/index.tsx": {"path":"/home/puneetv/Documents/web/react/Assignment/blinkist/src/component/organism/Footer/index.tsx","statementMap":{"0":{"start":{"line":4,"column":24},"end":{"line":67,"column":1}},"1":{"start":{"line":5,"column":17},"end":{"line":33,"column":5}},"2":{"start":{"line":34,"column":4},"end":{"line":66,"column":5}},"3":{"start":{"line":47,"column":24},"end":{"line":60,"column":31}},"4":{"start":{"line":55,"column":36},"end":{"line":57,"column":49}}},"fnMap":{"0":{"name":"(anonymous_0)","decl":{"start":{"line":4,"column":24},"end":{"line":4,"column":25}},"loc":{"start":{"line":4,"column":37},"end":{"line":67,"column":1}},"line":4},"1":{"name":"(anonymous_1)","decl":{"start":{"line":46,"column":29},"end":{"line":46,"column":30}},"loc":{"start":{"line":46,"column":42},"end":{"line":61,"column":21}},"line":46},"2":{"name":"(anonymous_2)","decl":{"start":{"line":54,"column":48},"end":{"line":54,"column":49}},"loc":{"start":{"line":54,"column":61},"end":{"line":58,"column":33}},"line":54}},"branchMap":{},"s":{"0":1,"1":4,"2":4,"3":12,"4":48},"f":{"0":4,"1":12,"2":48},"b":{},"_coverageSchema":"1a1c01bbd47fc00a2c39e90264f33305004495a9","hash":"4ccd9c396807c95dcd654f6be810a574aa28d8b0"}
,"/home/puneetv/Documents/web/react/Assignment/blinkist/src/component/organism/Header/index.tsx": {"path":"/home/puneetv/Documents/web/react/Assignment/blinkist/src/component/organism/Header/index.tsx","statementMap":{"0":{"start":{"line":11,"column":24},"end":{"line":97,"column":1}},"1":{"start":{"line":12,"column":21},"end":{"line":12,"column":42}},"2":{"start":{"line":13,"column":42},"end":{"line":13,"column":56}},"3":{"start":{"line":14,"column":44},"end":{"line":14,"column":58}},"4":{"start":{"line":15,"column":42},"end":{"line":15,"column":57}},"5":{"start":{"line":16,"column":31},"end":{"line":18,"column":5}},"6":{"start":{"line":17,"column":8},"end":{"line":17,"column":45}},"7":{"start":{"line":19,"column":31},"end":{"line":21,"column":5}},"8":{"start":{"line":20,"column":8},"end":{"line":20,"column":29}},"9":{"start":{"line":22,"column":32},"end":{"line":24,"column":5}},"10":{"start":{"line":23,"column":8},"end":{"line":23,"column":30}},"11":{"start":{"line":25,"column":4},"end":{"line":96,"column":6}},"12":{"start":{"line":36,"column":28},"end":{"line":36,"column":49}},"13":{"start":{"line":37,"column":28},"end":{"line":37,"column":55}},"14":{"start":{"line":42,"column":32},"end":{"line":42,"column":52}},"15":{"start":{"line":43,"column":32},"end":{"line":43,"column":58}},"16":{"start":{"line":47,"column":36},"end":{"line":47,"column":56}},"17":{"start":{"line":48,"column":36},"end":{"line":48,"column":62}},"18":{"start":{"line":86,"column":28},"end":{"line":88,"column":39}}},"fnMap":{"0":{"name":"(anonymous_0)","decl":{"start":{"line":11,"column":24},"end":{"line":11,"column":25}},"loc":{"start":{"line":11,"column":41},"end":{"line":97,"column":1}},"line":11},"1":{"name":"(anonymous_1)","decl":{"start":{"line":16,"column":31},"end":{"line":16,"column":32}},"loc":{"start":{"line":16,"column":47},"end":{"line":18,"column":5}},"line":16},"2":{"name":"(anonymous_2)","decl":{"start":{"line":19,"column":31},"end":{"line":19,"column":32}},"loc":{"start":{"line":19,"column":37},"end":{"line":21,"column":5}},"line":19},"3":{"name":"(anonymous_3)","decl":{"start":{"line":22,"column":32},"end":{"line":22,"column":33}},"loc":{"start":{"line":22,"column":38},"end":{"line":24,"column":5}},"line":22},"4":{"name":"(anonymous_4)","decl":{"start":{"line":35,"column":75},"end":{"line":35,"column":76}},"loc":{"start":{"line":35,"column":80},"end":{"line":38,"column":26}},"line":35},"5":{"name":"(anonymous_5)","decl":{"start":{"line":41,"column":45},"end":{"line":41,"column":46}},"loc":{"start":{"line":41,"column":51},"end":{"line":44,"column":29}},"line":41},"6":{"name":"(anonymous_6)","decl":{"start":{"line":46,"column":49},"end":{"line":46,"column":50}},"loc":{"start":{"line":46,"column":55},"end":{"line":49,"column":33}},"line":46},"7":{"name":"(anonymous_7)","decl":{"start":{"line":85,"column":38},"end":{"line":85,"column":39}},"loc":{"start":{"line":86,"column":28},"end":{"line":88,"column":39}},"line":86}},"branchMap":{"0":{"loc":{"start":{"line":33,"column":24},"end":{"line":57,"column":30}},"type":"cond-expr","locations":[{"start":{"line":35,"column":24},"end":{"line":38,"column":55}},{"start":{"line":40,"column":24},"end":{"line":57,"column":30}}],"line":33},"1":{"loc":{"start":{"line":51,"column":202},"end":{"line":51,"column":268}},"type":"cond-expr","locations":[{"start":{"line":51,"column":225},"end":{"line":51,"column":244}},{"start":{"line":51,"column":247},"end":{"line":51,"column":268}}],"line":51},"2":{"loc":{"start":{"line":61,"column":188},"end":{"line":61,"column":246}},"type":"cond-expr","locations":[{"start":{"line":61,"column":203},"end":{"line":61,"column":222}},{"start":{"line":61,"column":225},"end":{"line":61,"column":246}}],"line":61}},"s":{"0":0,"1":0,"2":0,"3":0,"4":0,"5":0,"6":0,"7":0,"8":0,"9":0,"10":0,"11":0,"12":0,"13":0,"14":0,"15":0,"16":0,"17":0,"18":0},"f":{"0":0,"1":0,"2":0,"3":0,"4":0,"5":0,"6":0,"7":0},"b":{"0":[0,0],"1":[0,0],"2":[0,0]}}
,"/home/puneetv/Documents/web/react/Assignment/blinkist/src/component/page/BookInfo/index.tsx": {"path":"/home/puneetv/Documents/web/react/Assignment/blinkist/src/component/page/BookInfo/index.tsx","statementMap":{"0":{"start":{"line":14,"column":17},"end":{"line":71,"column":3}},"1":{"start":{"line":14,"column":40},"end":{"line":71,"column":1}},"2":{"start":{"line":73,"column":18},"end":{"line":79,"column":3}},"3":{"start":{"line":73,"column":42},"end":{"line":79,"column":1}},"4":{"start":{"line":81,"column":26},"end":{"line":220,"column":1}},"5":{"start":{"line":82,"column":20},"end":{"line":82,"column":30}},"6":{"start":{"line":83,"column":21},"end":{"line":83,"column":32}},"7":{"start":{"line":84,"column":23},"end":{"line":84,"column":34}},"8":{"start":{"line":85,"column":20},"end":{"line":98,"column":5}},"9":{"start":{"line":99,"column":38},"end":{"line":99,"column":64}},"10":{"start":{"line":100,"column":36},"end":{"line":100,"column":55}},"11":{"start":{"line":101,"column":64},"end":{"line":101,"column":87}},"12":{"start":{"line":102,"column":24},"end":{"line":104,"column":5}},"13":{"start":{"line":103,"column":8},"end":{"line":103,"column":28}},"14":{"start":{"line":105,"column":27},"end":{"line":114,"column":5}},"15":{"start":{"line":106,"column":8},"end":{"line":112,"column":9}},"16":{"start":{"line":107,"column":12},"end":{"line":107,"column":39}},"17":{"start":{"line":108,"column":12},"end":{"line":111,"column":13}},"18":{"start":{"line":109,"column":16},"end":{"line":109,"column":47}},"19":{"start":{"line":110,"column":16},"end":{"line":110,"column":23}},"20":{"start":{"line":113,"column":8},"end":{"line":113,"column":41}},"21":{"start":{"line":115,"column":4},"end":{"line":123,"column":11}},"22":{"start":{"line":116,"column":26},"end":{"line":120,"column":9}},"23":{"start":{"line":117,"column":27},"end":{"line":117,"column":79}},"24":{"start":{"line":118,"column":29},"end":{"line":118,"column":50}},"25":{"start":{"line":119,"column":12},"end":{"line":119,"column":34}},"26":{"start":{"line":121,"column":8},"end":{"line":121,"column":25}},"27":{"start":{"line":122,"column":8},"end":{"line":122,"column":26}},"28":{"start":{"line":124,"column":33},"end":{"line":143,"column":5}},"29":{"start":{"line":125,"column":8},"end":{"line":142,"column":9}},"30":{"start":{"line":126,"column":24},"end":{"line":126,"column":91}},"31":{"start":{"line":126,"column":73},"end":{"line":126,"column":90}},"32":{"start":{"line":127,"column":27},"end":{"line":127,"column":58}},"33":{"start":{"line":128,"column":12},"end":{"line":128,"column":54}},"34":{"start":{"line":129,"column":12},"end":{"line":129,"column":60}},"35":{"start":{"line":130,"column":12},"end":{"line":130,"column":32}},"36":{"start":{"line":131,"column":22},"end":{"line":137,"column":14}},"37":{"start":{"line":138,"column":12},"end":{"line":138,"column":29}},"38":{"start":{"line":139,"column":12},"end":{"line":139,"column":36}},"39":{"start":{"line":141,"column":12},"end":{"line":141,"column":32}},"40":{"start":{"line":144,"column":21},"end":{"line":164,"column":5}},"41":{"start":{"line":145,"column":8},"end":{"line":163,"column":9}},"42":{"start":{"line":146,"column":12},"end":{"line":150,"column":13}},"43":{"start":{"line":151,"column":14},"end":{"line":163,"column":9}},"44":{"start":{"line":152,"column":12},"end":{"line":156,"column":13}},"45":{"start":{"line":157,"column":14},"end":{"line":163,"column":9}},"46":{"start":{"line":158,"column":12},"end":{"line":162,"column":13}},"47":{"start":{"line":165,"column":4},"end":{"line":219,"column":6}}},"fnMap":{"0":{"name":"(anonymous_0)","decl":{"start":{"line":14,"column":27},"end":{"line":14,"column":28}},"loc":{"start":{"line":14,"column":40},"end":{"line":71,"column":1}},"line":14},"1":{"name":"(anonymous_1)","decl":{"start":{"line":73,"column":29},"end":{"line":73,"column":30}},"loc":{"start":{"line":73,"column":42},"end":{"line":79,"column":1}},"line":73},"2":{"name":"(anonymous_2)","decl":{"start":{"line":81,"column":26},"end":{"line":81,"column":27}},"loc":{"start":{"line":81,"column":55},"end":{"line":220,"column":1}},"line":81},"3":{"name":"(anonymous_3)","decl":{"start":{"line":102,"column":24},"end":{"line":102,"column":25}},"loc":{"start":{"line":102,"column":39},"end":{"line":104,"column":5}},"line":102},"4":{"name":"(anonymous_4)","decl":{"start":{"line":105,"column":27},"end":{"line":105,"column":28}},"loc":{"start":{"line":105,"column":31},"end":{"line":114,"column":5}},"line":105},"5":{"name":"(anonymous_5)","decl":{"start":{"line":115,"column":14},"end":{"line":115,"column":15}},"loc":{"start":{"line":115,"column":19},"end":{"line":123,"column":5}},"line":115},"6":{"name":"(anonymous_6)","decl":{"start":{"line":116,"column":26},"end":{"line":116,"column":27}},"loc":{"start":{"line":116,"column":49},"end":{"line":120,"column":9}},"line":116},"7":{"name":"(anonymous_7)","decl":{"start":{"line":124,"column":33},"end":{"line":124,"column":34}},"loc":{"start":{"line":124,"column":54},"end":{"line":143,"column":5}},"line":124},"8":{"name":"(anonymous_8)","decl":{"start":{"line":126,"column":59},"end":{"line":126,"column":60}},"loc":{"start":{"line":126,"column":73},"end":{"line":126,"column":90}},"line":126},"9":{"name":"(anonymous_9)","decl":{"start":{"line":144,"column":21},"end":{"line":144,"column":22}},"loc":{"start":{"line":144,"column":25},"end":{"line":164,"column":5}},"line":144}},"branchMap":{"0":{"loc":{"start":{"line":108,"column":12},"end":{"line":111,"column":13}},"type":"if","locations":[{"start":{"line":108,"column":12},"end":{"line":111,"column":13}},{"start":{},"end":{}}],"line":108},"1":{"loc":{"start":{"line":145,"column":8},"end":{"line":163,"column":9}},"type":"if","locations":[{"start":{"line":145,"column":8},"end":{"line":163,"column":9}},{"start":{"line":151,"column":14},"end":{"line":163,"column":9}}],"line":145},"2":{"loc":{"start":{"line":151,"column":14},"end":{"line":163,"column":9}},"type":"if","locations":[{"start":{"line":151,"column":14},"end":{"line":163,"column":9}},{"start":{"line":157,"column":14},"end":{"line":163,"column":9}}],"line":151},"3":{"loc":{"start":{"line":157,"column":14},"end":{"line":163,"column":9}},"type":"if","locations":[{"start":{"line":157,"column":14},"end":{"line":163,"column":9}},{"start":{},"end":{}}],"line":157},"4":{"loc":{"start":{"line":166,"column":8},"end":{"line":217,"column":20}},"type":"cond-expr","locations":[{"start":{"line":168,"column":8},"end":{"line":168,"column":28}},{"start":{"line":170,"column":8},"end":{"line":217,"column":20}}],"line":166},"5":{"loc":{"start":{"line":198,"column":25},"end":{"line":202,"column":30}},"type":"cond-expr","locations":[{"start":{"line":200,"column":28},"end":{"line":200,"column":173}},{"start":{"line":202,"column":28},"end":{"line":202,"column":30}}],"line":198}},"s":{"0":0,"1":0,"2":0,"3":0,"4":0,"5":0,"6":0,"7":0,"8":0,"9":0,"10":0,"11":0,"12":0,"13":0,"14":0,"15":0,"16":0,"17":0,"18":0,"19":0,"20":0,"21":0,"22":0,"23":0,"24":0,"25":0,"26":0,"27":0,"28":0,"29":0,"30":0,"31":0,"32":0,"33":0,"34":0,"35":0,"36":0,"37":0,"38":0,"39":0,"40":0,"41":0,"42":0,"43":0,"44":0,"45":0,"46":0,"47":0},"f":{"0":0,"1":0,"2":0,"3":0,"4":0,"5":0,"6":0,"7":0,"8":0,"9":0},"b":{"0":[0,0],"1":[0,0],"2":[0,0],"3":[0,0],"4":[0,0],"5":[0,0]}}
,"/home/puneetv/Documents/web/react/Assignment/blinkist/src/component/page/Home/index.tsx": {"path":"/home/puneetv/Documents/web/react/Assignment/blinkist/src/component/page/Home/index.tsx","statementMap":{"0":{"start":{"line":11,"column":18},"end":{"line":33,"column":3}},"1":{"start":{"line":11,"column":40},"end":{"line":33,"column":1}},"2":{"start":{"line":36,"column":24},"end":{"line":117,"column":1}},"3":{"start":{"line":37,"column":20},"end":{"line":37,"column":31}},"4":{"start":{"line":38,"column":27},"end":{"line":49,"column":5}},"5":{"start":{"line":39,"column":22},"end":{"line":46,"column":9}},"6":{"start":{"line":40,"column":12},"end":{"line":44,"column":13}},"7":{"start":{"line":41,"column":16},"end":{"line":43,"column":17}},"8":{"start":{"line":42,"column":20},"end":{"line":42,"column":72}},"9":{"start":{"line":45,"column":12},"end":{"line":45,"column":35}},"10":{"start":{"line":47,"column":25},"end":{"line":47,"column":58}},"11":{"start":{"line":48,"column":8},"end":{"line":48,"column":78}},"12":{"start":{"line":51,"column":27},"end":{"line":72,"column":5}},"13":{"start":{"line":52,"column":8},"end":{"line":71,"column":11}},"14":{"start":{"line":53,"column":12},"end":{"line":56,"column":15}},"15":{"start":{"line":57,"column":12},"end":{"line":57,"column":32}},"16":{"start":{"line":58,"column":12},"end":{"line":58,"column":32}},"17":{"start":{"line":59,"column":22},"end":{"line":65,"column":14}},"18":{"start":{"line":66,"column":12},"end":{"line":66,"column":36}},"19":{"start":{"line":68,"column":16},"end":{"line":68,"column":37}},"20":{"start":{"line":69,"column":16},"end":{"line":69,"column":102}},"21":{"start":{"line":69,"column":77},"end":{"line":69,"column":99}},"22":{"start":{"line":70,"column":16},"end":{"line":70,"column":27}},"23":{"start":{"line":73,"column":4},"end":{"line":116,"column":6}},"24":{"start":{"line":84,"column":20},"end":{"line":111,"column":26}},"25":{"start":{"line":93,"column":40},"end":{"line":93,"column":70}},"26":{"start":{"line":94,"column":58},"end":{"line":94,"column":85}},"27":{"start":{"line":95,"column":40},"end":{"line":107,"column":42}}},"fnMap":{"0":{"name":"(anonymous_0)","decl":{"start":{"line":11,"column":29},"end":{"line":11,"column":30}},"loc":{"start":{"line":11,"column":40},"end":{"line":33,"column":1}},"line":11},"1":{"name":"(anonymous_1)","decl":{"start":{"line":36,"column":24},"end":{"line":36,"column":25}},"loc":{"start":{"line":36,"column":95},"end":{"line":117,"column":1}},"line":36},"2":{"name":"(anonymous_2)","decl":{"start":{"line":38,"column":27},"end":{"line":38,"column":28}},"loc":{"start":{"line":38,"column":41},"end":{"line":49,"column":5}},"line":38},"3":{"name":"(anonymous_3)","decl":{"start":{"line":39,"column":22},"end":{"line":39,"column":23}},"loc":{"start":{"line":39,"column":36},"end":{"line":46,"column":9}},"line":39},"4":{"name":"(anonymous_4)","decl":{"start":{"line":51,"column":27},"end":{"line":51,"column":28}},"loc":{"start":{"line":51,"column":68},"end":{"line":72,"column":5}},"line":51},"5":{"name":"(anonymous_5)","decl":{"start":{"line":69,"column":59},"end":{"line":69,"column":60}},"loc":{"start":{"line":69,"column":77},"end":{"line":69,"column":99}},"line":69},"6":{"name":"(anonymous_6)","decl":{"start":{"line":83,"column":25},"end":{"line":83,"column":26}},"loc":{"start":{"line":83,"column":37},"end":{"line":112,"column":17}},"line":83},"7":{"name":"(anonymous_7)","decl":{"start":{"line":92,"column":51},"end":{"line":92,"column":52}},"loc":{"start":{"line":92,"column":69},"end":{"line":108,"column":37}},"line":92}},"branchMap":{"0":{"loc":{"start":{"line":41,"column":16},"end":{"line":43,"column":17}},"type":"if","locations":[{"start":{"line":41,"column":16},"end":{"line":43,"column":17}},{"start":{},"end":{}}],"line":41},"1":{"loc":{"start":{"line":48,"column":15},"end":{"line":48,"column":77}},"type":"cond-expr","locations":[{"start":{"line":48,"column":35},"end":{"line":48,"column":45}},{"start":{"line":48,"column":48},"end":{"line":48,"column":77}}],"line":48},"2":{"loc":{"start":{"line":90,"column":32},"end":{"line":108,"column":38}},"type":"cond-expr","locations":[{"start":{"line":91,"column":33},"end":{"line":91,"column":84}},{"start":{"line":92,"column":36},"end":{"line":108,"column":38}}],"line":90}},"s":{"0":1,"1":4,"2":1,"3":4,"4":4,"5":36,"6":63,"7":204,"8":24,"9":39,"10":36,"11":36,"12":4,"13":1,"14":1,"15":1,"16":1,"17":1,"18":0,"19":0,"20":0,"21":0,"22":0,"23":4,"24":12,"25":36,"26":36,"27":36},"f":{"0":4,"1":4,"2":36,"3":63,"4":1,"5":0,"6":12,"7":36},"b":{"0":[24,180],"1":[9,27],"2":[3,9]},"_coverageSchema":"1a1c01bbd47fc00a2c39e90264f33305004495a9","hash":"6721b98b5a24f46b08ff03b621f18625c01050a5"}
,"/home/puneetv/Documents/web/react/Assignment/blinkist/src/component/page/MyLibrary/index.tsx": {"path":"/home/puneetv/Documents/web/react/Assignment/blinkist/src/component/page/MyLibrary/index.tsx","statementMap":{"0":{"start":{"line":10,"column":17},"end":{"line":16,"column":2}},"1":{"start":{"line":18,"column":18},"end":{"line":96,"column":1}},"2":{"start":{"line":19,"column":20},"end":{"line":19,"column":30}},"3":{"start":{"line":20,"column":15},"end":{"line":20,"column":22}},"4":{"start":{"line":21,"column":20},"end":{"line":30,"column":5}},"5":{"start":{"line":31,"column":38},"end":{"line":31,"column":64}},"6":{"start":{"line":32,"column":24},"end":{"line":34,"column":5}},"7":{"start":{"line":33,"column":8},"end":{"line":33,"column":28}},"8":{"start":{"line":36,"column":18},"end":{"line":78,"column":5}},"9":{"start":{"line":38,"column":8},"end":{"line":77,"column":9}},"10":{"start":{"line":39,"column":12},"end":{"line":39,"column":71}},"11":{"start":{"line":42,"column":12},"end":{"line":76,"column":13}},"12":{"start":{"line":43,"column":16},"end":{"line":58,"column":18}},"13":{"start":{"line":44,"column":35},"end":{"line":44,"column":66}},"14":{"start":{"line":45,"column":20},"end":{"line":57,"column":22}},"15":{"start":{"line":59,"column":18},"end":{"line":76,"column":13}},"16":{"start":{"line":60,"column":16},"end":{"line":75,"column":19}},"17":{"start":{"line":61,"column":35},"end":{"line":61,"column":66}},"18":{"start":{"line":62,"column":20},"end":{"line":74,"column":22}},"19":{"start":{"line":83,"column":4},"end":{"line":95,"column":6}}},"fnMap":{"0":{"name":"(anonymous_0)","decl":{"start":{"line":18,"column":18},"end":{"line":18,"column":19}},"loc":{"start":{"line":18,"column":43},"end":{"line":96,"column":1}},"line":18},"1":{"name":"(anonymous_1)","decl":{"start":{"line":32,"column":24},"end":{"line":32,"column":25}},"loc":{"start":{"line":32,"column":42},"end":{"line":34,"column":5}},"line":32},"2":{"name":"(anonymous_2)","decl":{"start":{"line":36,"column":18},"end":{"line":36,"column":19}},"loc":{"start":{"line":36,"column":24},"end":{"line":78,"column":5}},"line":36},"3":{"name":"(anonymous_3)","decl":{"start":{"line":43,"column":49},"end":{"line":43,"column":50}},"loc":{"start":{"line":43,"column":63},"end":{"line":58,"column":17}},"line":43},"4":{"name":"(anonymous_4)","decl":{"start":{"line":60,"column":45},"end":{"line":60,"column":46}},"loc":{"start":{"line":60,"column":59},"end":{"line":75,"column":17}},"line":60}},"branchMap":{"0":{"loc":{"start":{"line":38,"column":8},"end":{"line":77,"column":9}},"type":"if","locations":[{"start":{"line":38,"column":8},"end":{"line":77,"column":9}},{"start":{"line":41,"column":13},"end":{"line":77,"column":9}}],"line":38},"1":{"loc":{"start":{"line":42,"column":12},"end":{"line":76,"column":13}},"type":"if","locations":[{"start":{"line":42,"column":12},"end":{"line":76,"column":13}},{"start":{"line":59,"column":18},"end":{"line":76,"column":13}}],"line":42},"2":{"loc":{"start":{"line":45,"column":27},"end":{"line":57,"column":22}},"type":"binary-expr","locations":[{"start":{"line":45,"column":27},"end":{"line":45,"column":35}},{"start":{"line":45,"column":39},"end":{"line":57,"column":22}}],"line":45},"3":{"loc":{"start":{"line":59,"column":18},"end":{"line":76,"column":13}},"type":"if","locations":[{"start":{"line":59,"column":18},"end":{"line":76,"column":13}},{"start":{},"end":{}}],"line":59}},"s":{"0":1,"1":1,"2":5,"3":5,"4":5,"5":5,"6":5,"7":1,"8":5,"9":5,"10":1,"11":4,"12":3,"13":9,"14":9,"15":1,"16":1,"17":5,"18":5,"19":5},"f":{"0":5,"1":1,"2":5,"3":9,"4":5},"b":{"0":[1,4],"1":[3,1],"2":[9,9],"3":[1,0]},"_coverageSchema":"1a1c01bbd47fc00a2c39e90264f33305004495a9","hash":"4367bac30414dd1f44087520015548cf51d81a22"}
,"/home/puneetv/Documents/web/react/Assignment/blinkist/src/component/template/Template/index.tsx": {"path":"/home/puneetv/Documents/web/react/Assignment/blinkist/src/component/template/Template/index.tsx","statementMap":{"0":{"start":{"line":13,"column":26},"end":{"line":87,"column":1}},"1":{"start":{"line":14,"column":46},"end":{"line":14,"column":70}},"2":{"start":{"line":15,"column":42},"end":{"line":15,"column":66}},"3":{"start":{"line":16,"column":30},"end":{"line":19,"column":5}},"4":{"start":{"line":17,"column":8},"end":{"line":17,"column":41}},"5":{"start":{"line":18,"column":8},"end":{"line":18,"column":39}},"6":{"start":{"line":20,"column":30},"end":{"line":20,"column":49}},"7":{"start":{"line":21,"column":28},"end":{"line":21,"column":47}},"8":{"start":{"line":22,"column":34},"end":{"line":22,"column":53}},"9":{"start":{"line":23,"column":4},"end":{"line":36,"column":11}},"10":{"start":{"line":24,"column":26},"end":{"line":34,"column":9}},"11":{"start":{"line":25,"column":27},"end":{"line":25,"column":69}},"12":{"start":{"line":26,"column":23},"end":{"line":26,"column":44}},"13":{"start":{"line":27,"column":12},"end":{"line":27,"column":26}},"14":{"start":{"line":28,"column":12},"end":{"line":28,"column":68}},"15":{"start":{"line":29,"column":26},"end":{"line":29,"column":47}},"16":{"start":{"line":30,"column":12},"end":{"line":30,"column":32}},"17":{"start":{"line":31,"column":12},"end":{"line":31,"column":66}},"18":{"start":{"line":32,"column":24},"end":{"line":32,"column":45}},"19":{"start":{"line":33,"column":12},"end":{"line":33,"column":28}},"20":{"start":{"line":35,"column":8},"end":{"line":35,"column":20}},"21":{"start":{"line":38,"column":4},"end":{"line":86,"column":5}}},"fnMap":{"0":{"name":"(anonymous_0)","decl":{"start":{"line":13,"column":26},"end":{"line":13,"column":27}},"loc":{"start":{"line":13,"column":32},"end":{"line":87,"column":1}},"line":13},"1":{"name":"(anonymous_1)","decl":{"start":{"line":16,"column":30},"end":{"line":16,"column":31}},"loc":{"start":{"line":16,"column":36},"end":{"line":19,"column":5}},"line":16},"2":{"name":"(anonymous_2)","decl":{"start":{"line":23,"column":14},"end":{"line":23,"column":15}},"loc":{"start":{"line":23,"column":20},"end":{"line":36,"column":5}},"line":23},"3":{"name":"(anonymous_3)","decl":{"start":{"line":24,"column":26},"end":{"line":24,"column":27}},"loc":{"start":{"line":24,"column":38},"end":{"line":34,"column":9}},"line":24}},"branchMap":{"0":{"loc":{"start":{"line":39,"column":8},"end":{"line":85,"column":14}},"type":"cond-expr","locations":[{"start":{"line":41,"column":8},"end":{"line":43,"column":20}},{"start":{"line":45,"column":8},"end":{"line":85,"column":14}}],"line":39},"1":{"loc":{"start":{"line":39,"column":9},"end":{"line":39,"column":36}},"type":"binary-expr","locations":[{"start":{"line":39,"column":9},"end":{"line":39,"column":14}},{"start":{"line":39,"column":18},"end":{"line":39,"column":26}},{"start":{"line":39,"column":30},"end":{"line":39,"column":36}}],"line":39},"2":{"loc":{"start":{"line":80,"column":21},"end":{"line":80,"column":53}},"type":"cond-expr","locations":[{"start":{"line":80,"column":37},"end":{"line":80,"column":48}},{"start":{"line":80,"column":51},"end":{"line":80,"column":53}}],"line":80},"3":{"loc":{"start":{"line":84,"column":13},"end":{"line":84,"column":41}},"type":"cond-expr","locations":[{"start":{"line":84,"column":27},"end":{"line":84,"column":36}},{"start":{"line":84,"column":39},"end":{"line":84,"column":41}}],"line":84}},"s":{"0":0,"1":0,"2":0,"3":0,"4":0,"5":0,"6":0,"7":0,"8":0,"9":0,"10":0,"11":0,"12":0,"13":0,"14":0,"15":0,"16":0,"17":0,"18":0,"19":0,"20":0,"21":0},"f":{"0":0,"1":0,"2":0,"3":0},"b":{"0":[0,0],"1":[0,0,0],"2":[0,0],"3":[0,0]}}
,"/home/puneetv/Documents/web/react/Assignment/blinkist/src/theme/baseTheme.ts": {"path":"/home/puneetv/Documents/web/react/Assignment/blinkist/src/theme/baseTheme.ts","statementMap":{"0":{"start":{"line":3,"column":20},"end":{"line":26,"column":2}}},"fnMap":{},"branchMap":{},"s":{"0":11},"f":{},"b":{},"_coverageSchema":"1a1c01bbd47fc00a2c39e90264f33305004495a9","hash":"0ffda72ef9197ce4b5bc6327fa3a8561e4233fc4"}
,"/home/puneetv/Documents/web/react/Assignment/blinkist/src/theme/mainTheme.ts": {"path":"/home/puneetv/Documents/web/react/Assignment/blinkist/src/theme/mainTheme.ts","statementMap":{"0":{"start":{"line":58,"column":16},"end":{"line":135,"column":2}}},"fnMap":{},"branchMap":{},"s":{"0":5},"f":{},"b":{},"_coverageSchema":"1a1c01bbd47fc00a2c39e90264f33305004495a9","hash":"fefad89cddcc22724201775a46333fa12c760b71"}
,"/home/puneetv/Documents/web/react/Assignment/blinkist/src/theme/tabTheme.ts": {"path":"/home/puneetv/Documents/web/react/Assignment/blinkist/src/theme/tabTheme.ts","statementMap":{"0":{"start":{"line":2,"column":18},"end":{"line":26,"column":2}}},"fnMap":{},"branchMap":{},"s":{"0":2},"f":{},"b":{},"_coverageSchema":"1a1c01bbd47fc00a2c39e90264f33305004495a9","hash":"6d3abdf44307927f2932e4582ce30aa612cca0d2"}
}
