{"/workspaces/blinkist/src/component/page/BookInfo/index.tsx": {"path":"/workspaces/blinkist/src/component/page/BookInfo/index.tsx","statementMap":{"0":{"start":{"line":14,"column":17},"end":{"line":71,"column":3}},"1":{"start":{"line":14,"column":40},"end":{"line":71,"column":1}},"2":{"start":{"line":73,"column":18},"end":{"line":79,"column":3}},"3":{"start":{"line":73,"column":42},"end":{"line":79,"column":1}},"4":{"start":{"line":112,"column":26},"end":{"line":252,"column":1}},"5":{"start":{"line":113,"column":20},"end":{"line":113,"column":30}},"6":{"start":{"line":114,"column":21},"end":{"line":114,"column":32}},"7":{"start":{"line":115,"column":32},"end":{"line":115,"column":43}},"8":{"start":{"line":116,"column":20},"end":{"line":129,"column":5}},"9":{"start":{"line":130,"column":4},"end":{"line":132,"column":5}},"10":{"start":{"line":131,"column":8},"end":{"line":131,"column":20}},"11":{"start":{"line":133,"column":38},"end":{"line":133,"column":64}},"12":{"start":{"line":134,"column":36},"end":{"line":134,"column":56}},"13":{"start":{"line":135,"column":64},"end":{"line":135,"column":87}},"14":{"start":{"line":136,"column":24},"end":{"line":138,"column":5}},"15":{"start":{"line":137,"column":8},"end":{"line":137,"column":28}},"16":{"start":{"line":139,"column":27},"end":{"line":147,"column":5}},"17":{"start":{"line":140,"column":8},"end":{"line":145,"column":9}},"18":{"start":{"line":141,"column":12},"end":{"line":144,"column":13}},"19":{"start":{"line":142,"column":16},"end":{"line":142,"column":47}},"20":{"start":{"line":143,"column":16},"end":{"line":143,"column":23}},"21":{"start":{"line":146,"column":8},"end":{"line":146,"column":41}},"22":{"start":{"line":148,"column":4},"end":{"line":156,"column":11}},"23":{"start":{"line":149,"column":26},"end":{"line":153,"column":9}},"24":{"start":{"line":150,"column":27},"end":{"line":150,"column":98}},"25":{"start":{"line":151,"column":30},"end":{"line":151,"column":51}},"26":{"start":{"line":152,"column":12},"end":{"line":152,"column":35}},"27":{"start":{"line":154,"column":8},"end":{"line":154,"column":25}},"28":{"start":{"line":155,"column":8},"end":{"line":155,"column":26}},"29":{"start":{"line":157,"column":33},"end":{"line":176,"column":5}},"30":{"start":{"line":158,"column":8},"end":{"line":175,"column":9}},"31":{"start":{"line":159,"column":24},"end":{"line":159,"column":91}},"32":{"start":{"line":159,"column":73},"end":{"line":159,"column":90}},"33":{"start":{"line":160,"column":27},"end":{"line":160,"column":58}},"34":{"start":{"line":161,"column":12},"end":{"line":161,"column":54}},"35":{"start":{"line":162,"column":12},"end":{"line":162,"column":60}},"36":{"start":{"line":163,"column":12},"end":{"line":163,"column":32}},"37":{"start":{"line":164,"column":22},"end":{"line":170,"column":14}},"38":{"start":{"line":171,"column":12},"end":{"line":171,"column":29}},"39":{"start":{"line":172,"column":12},"end":{"line":172,"column":36}},"40":{"start":{"line":174,"column":12},"end":{"line":174,"column":32}},"41":{"start":{"line":177,"column":21},"end":{"line":197,"column":5}},"42":{"start":{"line":178,"column":6},"end":{"line":196,"column":9}},"43":{"start":{"line":179,"column":12},"end":{"line":183,"column":13}},"44":{"start":{"line":184,"column":14},"end":{"line":196,"column":9}},"45":{"start":{"line":185,"column":12},"end":{"line":189,"column":13}},"46":{"start":{"line":190,"column":14},"end":{"line":196,"column":9}},"47":{"start":{"line":191,"column":12},"end":{"line":195,"column":13}},"48":{"start":{"line":198,"column":4},"end":{"line":251,"column":6}}},"fnMap":{"0":{"name":"(anonymous_0)","decl":{"start":{"line":14,"column":27},"end":{"line":14,"column":28}},"loc":{"start":{"line":14,"column":40},"end":{"line":71,"column":1}},"line":14},"1":{"name":"(anonymous_1)","decl":{"start":{"line":73,"column":29},"end":{"line":73,"column":30}},"loc":{"start":{"line":73,"column":42},"end":{"line":79,"column":1}},"line":73},"2":{"name":"(anonymous_2)","decl":{"start":{"line":112,"column":26},"end":{"line":112,"column":27}},"loc":{"start":{"line":112,"column":60},"end":{"line":252,"column":1}},"line":112},"3":{"name":"(anonymous_3)","decl":{"start":{"line":136,"column":24},"end":{"line":136,"column":25}},"loc":{"start":{"line":136,"column":39},"end":{"line":138,"column":5}},"line":136},"4":{"name":"(anonymous_4)","decl":{"start":{"line":139,"column":27},"end":{"line":139,"column":28}},"loc":{"start":{"line":139,"column":31},"end":{"line":147,"column":5}},"line":139},"5":{"name":"(anonymous_5)","decl":{"start":{"line":148,"column":14},"end":{"line":148,"column":15}},"loc":{"start":{"line":148,"column":19},"end":{"line":156,"column":5}},"line":148},"6":{"name":"(anonymous_6)","decl":{"start":{"line":149,"column":26},"end":{"line":149,"column":27}},"loc":{"start":{"line":149,"column":45},"end":{"line":153,"column":9}},"line":149},"7":{"name":"(anonymous_7)","decl":{"start":{"line":157,"column":33},"end":{"line":157,"column":34}},"loc":{"start":{"line":157,"column":54},"end":{"line":176,"column":5}},"line":157},"8":{"name":"(anonymous_8)","decl":{"start":{"line":159,"column":59},"end":{"line":159,"column":60}},"loc":{"start":{"line":159,"column":73},"end":{"line":159,"column":90}},"line":159},"9":{"name":"(anonymous_9)","decl":{"start":{"line":177,"column":21},"end":{"line":177,"column":22}},"loc":{"start":{"line":177,"column":25},"end":{"line":197,"column":5}},"line":177}},"branchMap":{"0":{"loc":{"start":{"line":130,"column":4},"end":{"line":132,"column":5}},"type":"if","locations":[{"start":{"line":130,"column":4},"end":{"line":132,"column":5}},{"start":{},"end":{}}],"line":130},"1":{"loc":{"start":{"line":141,"column":12},"end":{"line":144,"column":13}},"type":"if","locations":[{"start":{"line":141,"column":12},"end":{"line":144,"column":13}},{"start":{},"end":{}}],"line":141},"2":{"loc":{"start":{"line":178,"column":6},"end":{"line":196,"column":9}},"type":"if","locations":[{"start":{"line":178,"column":6},"end":{"line":196,"column":9}},{"start":{"line":184,"column":14},"end":{"line":196,"column":9}}],"line":178},"3":{"loc":{"start":{"line":181,"column":21},"end":{"line":181,"column":50}},"type":"binary-expr","locations":[{"start":{"line":181,"column":21},"end":{"line":181,"column":29}},{"start":{"line":181,"column":33},"end":{"line":181,"column":50}}],"line":181},"4":{"loc":{"start":{"line":184,"column":14},"end":{"line":196,"column":9}},"type":"if","locations":[{"start":{"line":184,"column":14},"end":{"line":196,"column":9}},{"start":{"line":190,"column":14},"end":{"line":196,"column":9}}],"line":184},"5":{"loc":{"start":{"line":187,"column":21},"end":{"line":187,"column":45}},"type":"binary-expr","locations":[{"start":{"line":187,"column":21},"end":{"line":187,"column":29}},{"start":{"line":187,"column":33},"end":{"line":187,"column":45}}],"line":187},"6":{"loc":{"start":{"line":190,"column":14},"end":{"line":196,"column":9}},"type":"if","locations":[{"start":{"line":190,"column":14},"end":{"line":196,"column":9}},{"start":{},"end":{}}],"line":190},"7":{"loc":{"start":{"line":193,"column":21},"end":{"line":193,"column":54}},"type":"binary-expr","locations":[{"start":{"line":193,"column":21},"end":{"line":193,"column":29}},{"start":{"line":193,"column":33},"end":{"line":193,"column":54}}],"line":193},"8":{"loc":{"start":{"line":199,"column":8},"end":{"line":249,"column":20}},"type":"cond-expr","locations":[{"start":{"line":201,"column":8},"end":{"line":201,"column":59}},{"start":{"line":203,"column":8},"end":{"line":249,"column":20}}],"line":199},"9":{"loc":{"start":{"line":231,"column":25},"end":{"line":233,"column":202}},"type":"binary-expr","locations":[{"start":{"line":231,"column":25},"end":{"line":231,"column":47}},{"start":{"line":233,"column":28},"end":{"line":233,"column":202}}],"line":231}},"s":{"0":1,"1":4,"2":1,"3":4,"4":1,"5":13,"6":13,"7":13,"8":13,"9":13,"10":0,"11":13,"12":13,"13":13,"14":13,"15":2,"16":13,"17":4,"18":16,"19":0,"20":0,"21":4,"22":13,"23":4,"24":4,"25":4,"26":4,"27":4,"28":4,"29":13,"30":0,"31":0,"32":0,"33":0,"34":0,"35":0,"36":0,"37":0,"38":0,"39":0,"40":0,"41":13,"42":5,"43":3,"44":2,"45":1,"46":1,"47":1,"48":13},"f":{"0":4,"1":4,"2":13,"3":2,"4":4,"5":4,"6":4,"7":0,"8":0,"9":5},"b":{"0":[0,13],"1":[0,16],"2":[3,2],"3":[3,3],"4":[1,1],"5":[1,1],"6":[1,0],"7":[1,1],"8":[8,5],"9":[5,0]},"_coverageSchema":"1a1c01bbd47fc00a2c39e90264f33305004495a9","hash":"8ead7c2fe4eb69cba1c16f39d599724dbf38c4ab"}
,"/workspaces/blinkist/src/component/page/Home/index.tsx": {"path":"/workspaces/blinkist/src/component/page/Home/index.tsx","statementMap":{"0":{"start":{"line":11,"column":18},"end":{"line":33,"column":3}},"1":{"start":{"line":11,"column":40},"end":{"line":33,"column":1}},"2":{"start":{"line":66,"column":24},"end":{"line":141,"column":1}},"3":{"start":{"line":67,"column":20},"end":{"line":67,"column":31}},"4":{"start":{"line":68,"column":27},"end":{"line":79,"column":5}},"5":{"start":{"line":69,"column":22},"end":{"line":76,"column":9}},"6":{"start":{"line":70,"column":12},"end":{"line":74,"column":13}},"7":{"start":{"line":71,"column":16},"end":{"line":73,"column":17}},"8":{"start":{"line":72,"column":20},"end":{"line":72,"column":72}},"9":{"start":{"line":75,"column":12},"end":{"line":75,"column":35}},"10":{"start":{"line":77,"column":25},"end":{"line":77,"column":58}},"11":{"start":{"line":78,"column":8},"end":{"line":78,"column":78}},"12":{"start":{"line":81,"column":27},"end":{"line":96,"column":5}},"13":{"start":{"line":82,"column":12},"end":{"line":85,"column":15}},"14":{"start":{"line":86,"column":12},"end":{"line":86,"column":32}},"15":{"start":{"line":87,"column":12},"end":{"line":87,"column":32}},"16":{"start":{"line":88,"column":22},"end":{"line":94,"column":14}},"17":{"start":{"line":95,"column":12},"end":{"line":95,"column":30}},"18":{"start":{"line":97,"column":4},"end":{"line":140,"column":6}},"19":{"start":{"line":108,"column":20},"end":{"line":135,"column":26}},"20":{"start":{"line":117,"column":40},"end":{"line":117,"column":70}},"21":{"start":{"line":118,"column":58},"end":{"line":118,"column":85}},"22":{"start":{"line":119,"column":40},"end":{"line":131,"column":42}}},"fnMap":{"0":{"name":"(anonymous_0)","decl":{"start":{"line":11,"column":29},"end":{"line":11,"column":30}},"loc":{"start":{"line":11,"column":40},"end":{"line":33,"column":1}},"line":11},"1":{"name":"(anonymous_1)","decl":{"start":{"line":66,"column":24},"end":{"line":66,"column":25}},"loc":{"start":{"line":66,"column":96},"end":{"line":141,"column":1}},"line":66},"2":{"name":"(anonymous_2)","decl":{"start":{"line":68,"column":27},"end":{"line":68,"column":28}},"loc":{"start":{"line":68,"column":41},"end":{"line":79,"column":5}},"line":68},"3":{"name":"(anonymous_3)","decl":{"start":{"line":69,"column":22},"end":{"line":69,"column":23}},"loc":{"start":{"line":69,"column":36},"end":{"line":76,"column":9}},"line":69},"4":{"name":"(anonymous_4)","decl":{"start":{"line":81,"column":27},"end":{"line":81,"column":28}},"loc":{"start":{"line":81,"column":68},"end":{"line":96,"column":5}},"line":81},"5":{"name":"(anonymous_5)","decl":{"start":{"line":107,"column":25},"end":{"line":107,"column":26}},"loc":{"start":{"line":107,"column":37},"end":{"line":136,"column":17}},"line":107},"6":{"name":"(anonymous_6)","decl":{"start":{"line":116,"column":51},"end":{"line":116,"column":52}},"loc":{"start":{"line":116,"column":69},"end":{"line":132,"column":37}},"line":116}},"branchMap":{"0":{"loc":{"start":{"line":71,"column":16},"end":{"line":73,"column":17}},"type":"if","locations":[{"start":{"line":71,"column":16},"end":{"line":73,"column":17}},{"start":{},"end":{}}],"line":71},"1":{"loc":{"start":{"line":78,"column":15},"end":{"line":78,"column":77}},"type":"cond-expr","locations":[{"start":{"line":78,"column":35},"end":{"line":78,"column":45}},{"start":{"line":78,"column":48},"end":{"line":78,"column":77}}],"line":78},"2":{"loc":{"start":{"line":114,"column":32},"end":{"line":132,"column":38}},"type":"cond-expr","locations":[{"start":{"line":115,"column":33},"end":{"line":115,"column":84}},{"start":{"line":116,"column":36},"end":{"line":132,"column":38}}],"line":114}},"s":{"0":1,"1":4,"2":1,"3":4,"4":4,"5":36,"6":60,"7":216,"8":27,"9":33,"10":36,"11":36,"12":4,"13":1,"14":1,"15":1,"16":1,"17":0,"18":4,"19":12,"20":36,"21":36,"22":36},"f":{"0":4,"1":4,"2":36,"3":60,"4":1,"5":12,"6":36},"b":{"0":[27,189],"1":[12,24],"2":[3,9]},"_coverageSchema":"1a1c01bbd47fc00a2c39e90264f33305004495a9","hash":"33c7486c830796b1302488d2ca67839e211383a9"}
,"/workspaces/blinkist/src/component/page/MyLibrary/index.tsx": {"path":"/workspaces/blinkist/src/component/page/MyLibrary/index.tsx","statementMap":{"0":{"start":{"line":10,"column":17},"end":{"line":16,"column":2}},"1":{"start":{"line":40,"column":18},"end":{"line":119,"column":1}},"2":{"start":{"line":41,"column":29},"end":{"line":41,"column":34}},"3":{"start":{"line":42,"column":20},"end":{"line":42,"column":30}},"4":{"start":{"line":43,"column":15},"end":{"line":43,"column":22}},"5":{"start":{"line":44,"column":20},"end":{"line":53,"column":5}},"6":{"start":{"line":54,"column":38},"end":{"line":54,"column":64}},"7":{"start":{"line":55,"column":24},"end":{"line":57,"column":5}},"8":{"start":{"line":56,"column":8},"end":{"line":56,"column":28}},"9":{"start":{"line":59,"column":18},"end":{"line":101,"column":5}},"10":{"start":{"line":61,"column":8},"end":{"line":100,"column":9}},"11":{"start":{"line":62,"column":12},"end":{"line":62,"column":71}},"12":{"start":{"line":65,"column":12},"end":{"line":99,"column":13}},"13":{"start":{"line":66,"column":16},"end":{"line":81,"column":18}},"14":{"start":{"line":67,"column":35},"end":{"line":67,"column":66}},"15":{"start":{"line":68,"column":20},"end":{"line":80,"column":22}},"16":{"start":{"line":82,"column":18},"end":{"line":99,"column":13}},"17":{"start":{"line":83,"column":16},"end":{"line":98,"column":19}},"18":{"start":{"line":84,"column":35},"end":{"line":84,"column":66}},"19":{"start":{"line":85,"column":20},"end":{"line":97,"column":22}},"20":{"start":{"line":106,"column":4},"end":{"line":118,"column":6}}},"fnMap":{"0":{"name":"(anonymous_0)","decl":{"start":{"line":40,"column":18},"end":{"line":40,"column":19}},"loc":{"start":{"line":40,"column":35},"end":{"line":119,"column":1}},"line":40},"1":{"name":"(anonymous_1)","decl":{"start":{"line":55,"column":24},"end":{"line":55,"column":25}},"loc":{"start":{"line":55,"column":42},"end":{"line":57,"column":5}},"line":55},"2":{"name":"(anonymous_2)","decl":{"start":{"line":59,"column":18},"end":{"line":59,"column":19}},"loc":{"start":{"line":59,"column":24},"end":{"line":101,"column":5}},"line":59},"3":{"name":"(anonymous_3)","decl":{"start":{"line":66,"column":49},"end":{"line":66,"column":50}},"loc":{"start":{"line":66,"column":63},"end":{"line":81,"column":17}},"line":66},"4":{"name":"(anonymous_4)","decl":{"start":{"line":83,"column":45},"end":{"line":83,"column":46}},"loc":{"start":{"line":83,"column":59},"end":{"line":98,"column":17}},"line":83}},"branchMap":{"0":{"loc":{"start":{"line":61,"column":8},"end":{"line":100,"column":9}},"type":"if","locations":[{"start":{"line":61,"column":8},"end":{"line":100,"column":9}},{"start":{"line":64,"column":13},"end":{"line":100,"column":9}}],"line":61},"1":{"loc":{"start":{"line":65,"column":12},"end":{"line":99,"column":13}},"type":"if","locations":[{"start":{"line":65,"column":12},"end":{"line":99,"column":13}},{"start":{"line":82,"column":18},"end":{"line":99,"column":13}}],"line":65},"2":{"loc":{"start":{"line":68,"column":27},"end":{"line":80,"column":22}},"type":"binary-expr","locations":[{"start":{"line":68,"column":27},"end":{"line":68,"column":35}},{"start":{"line":68,"column":39},"end":{"line":80,"column":22}}],"line":68},"3":{"loc":{"start":{"line":82,"column":18},"end":{"line":99,"column":13}},"type":"if","locations":[{"start":{"line":82,"column":18},"end":{"line":99,"column":13}},{"start":{},"end":{}}],"line":82}},"s":{"0":1,"1":1,"2":6,"3":5,"4":5,"5":5,"6":5,"7":5,"8":1,"9":5,"10":5,"11":1,"12":4,"13":3,"14":12,"15":12,"16":1,"17":1,"18":5,"19":5,"20":5},"f":{"0":6,"1":1,"2":5,"3":12,"4":5},"b":{"0":[1,4],"1":[3,1],"2":[12,12],"3":[1,0]},"_coverageSchema":"1a1c01bbd47fc00a2c39e90264f33305004495a9","hash":"364e1507337d90049859a7aca9e3439cdef0fc6a"}
,"/workspaces/blinkist/src/component/template/Template/index.tsx": {"path":"/workspaces/blinkist/src/component/template/Template/index.tsx","statementMap":{"0":{"start":{"line":35,"column":26},"end":{"line":109,"column":1}},"1":{"start":{"line":36,"column":46},"end":{"line":36,"column":70}},"2":{"start":{"line":37,"column":42},"end":{"line":37,"column":66}},"3":{"start":{"line":38,"column":30},"end":{"line":41,"column":5}},"4":{"start":{"line":39,"column":8},"end":{"line":39,"column":41}},"5":{"start":{"line":40,"column":8},"end":{"line":40,"column":39}},"6":{"start":{"line":42,"column":30},"end":{"line":42,"column":52}},"7":{"start":{"line":43,"column":28},"end":{"line":43,"column":50}},"8":{"start":{"line":44,"column":34},"end":{"line":44,"column":57}},"9":{"start":{"line":45,"column":4},"end":{"line":58,"column":11}},"10":{"start":{"line":46,"column":26},"end":{"line":56,"column":9}},"11":{"start":{"line":47,"column":27},"end":{"line":47,"column":88}},"12":{"start":{"line":48,"column":24},"end":{"line":48,"column":45}},"13":{"start":{"line":49,"column":12},"end":{"line":49,"column":27}},"14":{"start":{"line":50,"column":12},"end":{"line":50,"column":87}},"15":{"start":{"line":51,"column":27},"end":{"line":51,"column":48}},"16":{"start":{"line":52,"column":12},"end":{"line":52,"column":33}},"17":{"start":{"line":53,"column":12},"end":{"line":53,"column":85}},"18":{"start":{"line":54,"column":25},"end":{"line":54,"column":46}},"19":{"start":{"line":55,"column":12},"end":{"line":55,"column":29}},"20":{"start":{"line":57,"column":8},"end":{"line":57,"column":20}},"21":{"start":{"line":60,"column":4},"end":{"line":108,"column":5}}},"fnMap":{"0":{"name":"(anonymous_0)","decl":{"start":{"line":35,"column":26},"end":{"line":35,"column":27}},"loc":{"start":{"line":35,"column":32},"end":{"line":109,"column":1}},"line":35},"1":{"name":"(anonymous_1)","decl":{"start":{"line":38,"column":30},"end":{"line":38,"column":31}},"loc":{"start":{"line":38,"column":36},"end":{"line":41,"column":5}},"line":38},"2":{"name":"(anonymous_2)","decl":{"start":{"line":45,"column":14},"end":{"line":45,"column":15}},"loc":{"start":{"line":45,"column":20},"end":{"line":58,"column":5}},"line":45},"3":{"name":"(anonymous_3)","decl":{"start":{"line":46,"column":26},"end":{"line":46,"column":27}},"loc":{"start":{"line":46,"column":38},"end":{"line":56,"column":9}},"line":46}},"branchMap":{"0":{"loc":{"start":{"line":61,"column":8},"end":{"line":107,"column":14}},"type":"cond-expr","locations":[{"start":{"line":63,"column":8},"end":{"line":65,"column":20}},{"start":{"line":67,"column":8},"end":{"line":107,"column":14}}],"line":61},"1":{"loc":{"start":{"line":61,"column":9},"end":{"line":61,"column":36}},"type":"binary-expr","locations":[{"start":{"line":61,"column":9},"end":{"line":61,"column":14}},{"start":{"line":61,"column":18},"end":{"line":61,"column":26}},{"start":{"line":61,"column":30},"end":{"line":61,"column":36}}],"line":61},"2":{"loc":{"start":{"line":102,"column":21},"end":{"line":102,"column":74}},"type":"binary-expr","locations":[{"start":{"line":102,"column":21},"end":{"line":102,"column":34}},{"start":{"line":102,"column":38},"end":{"line":102,"column":74}}],"line":102},"3":{"loc":{"start":{"line":106,"column":13},"end":{"line":106,"column":37}},"type":"binary-expr","locations":[{"start":{"line":106,"column":13},"end":{"line":106,"column":24}},{"start":{"line":106,"column":28},"end":{"line":106,"column":37}}],"line":106}},"s":{"0":0,"1":0,"2":0,"3":0,"4":0,"5":0,"6":0,"7":0,"8":0,"9":0,"10":0,"11":0,"12":0,"13":0,"14":0,"15":0,"16":0,"17":0,"18":0,"19":0,"20":0,"21":0},"f":{"0":0,"1":0,"2":0,"3":0},"b":{"0":[0,0],"1":[0,0,0],"2":[0,0],"3":[0,0]}}
}
