TN:
SF:src/react-app-env.d.ts
FNF:0
FNH:0
LF:0
LH:0
BRF:0
BRH:0
end_of_record
TN:
SF:src/component/atom/Blank/index.tsx
FN:3,(anonymous_0)
FNF:1
FNH:1
FNDA:1,(anonymous_0)
DA:3,2
DA:4,1
LF:2
LH:2
BRF:0
BRH:0
end_of_record
TN:
SF:src/component/atom/Button/index.tsx
FN:4,(anonymous_0)
FNF:1
FNH:1
FNDA:1,(anonymous_0)
DA:4,4
DA:5,1
LF:2
LH:2
BRF:0
BRH:0
end_of_record
TN:
SF:src/component/atom/Icon/index.tsx
FN:2,(anonymous_0)
FNF:1
FNH:1
FNDA:19,(anonymous_0)
DA:2,6
DA:3,19
LF:2
LH:2
BRF:0
BRH:0
end_of_record
TN:
SF:src/component/atom/Image/index.tsx
FN:2,(anonymous_0)
FNF:1
FNH:1
FNDA:15,(anonymous_0)
DA:2,9
DA:3,15
LF:2
LH:2
BRF:0
BRH:0
end_of_record
TN:
SF:src/component/atom/Input/index.tsx
FN:2,(anonymous_0)
FNF:1
FNH:1
FNDA:3,(anonymous_0)
DA:2,5
DA:3,3
DA:4,3
LF:3
LH:3
BRF:0
BRH:0
end_of_record
TN:
SF:src/component/atom/ProgressBar/index.tsx
FN:3,(anonymous_0)
FNF:1
FNH:1
FNDA:4,(anonymous_0)
DA:3,5
DA:4,4
LF:2
LH:2
BRDA:5,0,0,2
BRDA:5,0,1,2
BRF:2
BRH:2
end_of_record
TN:
SF:src/component/atom/Typography/index.tsx
FN:4,(anonymous_0)
FNF:1
FNH:1
FNDA:240,(anonymous_0)
DA:4,13
DA:5,240
LF:2
LH:2
BRF:0
BRH:0
end_of_record
TN:
SF:src/component/molecule/Banner/index.tsx
FN:6,(anonymous_0)
FN:31,(anonymous_1)
FNF:2
FNH:2
FNDA:2,(anonymous_0)
FNDA:2,(anonymous_1)
DA:6,3
DA:31,3
DA:32,2
DA:33,2
LF:4
LH:4
BRF:0
BRH:0
end_of_record
TN:
SF:src/component/molecule/Logo/index.tsx
FN:4,(anonymous_0)
FNF:1
FNH:1
FNDA:4,(anonymous_0)
DA:4,4
DA:5,4
LF:2
LH:2
BRDA:4,0,0,1
BRF:1
BRH:1
end_of_record
TN:
SF:src/component/molecule/NavIcon/index.tsx
FN:3,(anonymous_0)
FNF:1
FNH:1
FNDA:133,(anonymous_0)
DA:3,3
DA:4,133
LF:2
LH:2
BRDA:6,0,0,132
BRDA:6,0,1,1
BRDA:10,1,0,1
BRDA:10,1,1,132
BRF:4
BRH:4
end_of_record
TN:
SF:src/component/molecule/Search/index.tsx
FN:7,(anonymous_0)
FN:9,(anonymous_1)
FN:12,(anonymous_2)
FN:19,(anonymous_3)
FN:47,(anonymous_4)
FNF:5
FNH:1
FNDA:1,(anonymous_0)
FNDA:0,(anonymous_1)
FNDA:0,(anonymous_2)
FNDA:0,(anonymous_3)
FNDA:0,(anonymous_4)
DA:7,3
DA:8,1
DA:9,1
DA:10,0
DA:11,0
DA:13,0
DA:14,0
DA:15,0
DA:18,0
DA:20,0
DA:28,1
DA:48,0
LF:12
LH:4
BRDA:14,0,0,0
BRDA:14,0,1,0
BRDA:14,1,0,0
BRDA:14,1,1,0
BRDA:14,1,2,0
BRDA:47,2,0,1
BRDA:47,2,1,0
BRF:7
BRH:1
end_of_record
TN:
SF:src/component/molecule/tabs/index.tsx
FN:9,(anonymous_0)
FN:18,TabsWrappedLabel
FN:21,(anonymous_2)
FN:38,(anonymous_3)
FNF:4
FNH:4
FNDA:2,(anonymous_0)
FNDA:3,TabsWrappedLabel
FNDA:1,(anonymous_2)
FNDA:6,(anonymous_3)
DA:9,4
DA:19,3
DA:20,3
DA:21,3
DA:22,1
DA:23,1
DA:25,3
DA:39,6
LF:8
LH:8
BRDA:20,0,0,3
BRDA:20,0,1,3
BRF:2
BRH:2
end_of_record
TN:
SF:src/component/organism/Card/index.tsx
FN:54,(anonymous_0)
FN:57,(anonymous_1)
FN:96,(anonymous_2)
FNF:3
FNH:3
FNDA:9,(anonymous_0)
FNDA:2,(anonymous_1)
FNDA:1,(anonymous_2)
DA:12,4
DA:54,4
DA:55,9
DA:56,9
DA:57,9
DA:58,2
DA:60,9
DA:97,1
LF:8
LH:8
BRDA:54,0,0,0
BRDA:63,1,0,2
BRDA:63,1,1,7
BRDA:63,2,0,9
BRDA:63,2,1,8
BRDA:70,3,0,2
BRDA:70,3,1,7
BRDA:70,4,0,9
BRDA:70,4,1,8
BRDA:89,5,0,1
BRDA:89,5,1,8
BRDA:93,6,0,1
BRDA:93,6,1,8
BRDA:101,7,0,6
BRDA:101,7,1,2
BRDA:102,8,0,2
BRDA:102,8,1,6
BRF:17
BRH:16
end_of_record
TN:
SF:src/component/organism/Explore/index.tsx
FN:14,(anonymous_0)
FN:59,(anonymous_1)
FN:188,(anonymous_2)
FNF:3
FNH:3
FNDA:5,(anonymous_0)
FNDA:5,(anonymous_1)
FNDA:130,(anonymous_2)
DA:14,5
DA:23,2
DA:59,2
DA:60,5
DA:61,5
DA:63,5
DA:170,5
DA:189,130
LF:8
LH:8
BRF:0
BRH:0
end_of_record
TN:
SF:src/component/organism/Footer/index.tsx
FN:4,(anonymous_0)
FN:46,(anonymous_1)
FN:54,(anonymous_2)
FNF:3
FNH:3
FNDA:4,(anonymous_0)
FNDA:12,(anonymous_1)
FNDA:48,(anonymous_2)
DA:4,2
DA:5,4
DA:34,4
DA:47,12
DA:55,48
LF:5
LH:5
BRF:0
BRH:0
end_of_record
TN:
SF:src/component/organism/Header/index.tsx
FN:12,(anonymous_0)
FN:17,(anonymous_1)
FN:20,(anonymous_2)
FN:33,(anonymous_3)
FN:39,(anonymous_4)
FN:44,(anonymous_5)
FN:83,(anonymous_6)
FN:85,(anonymous_7)
FNF:8
FNH:0
FNDA:0,(anonymous_0)
FNDA:0,(anonymous_1)
FNDA:0,(anonymous_2)
FNDA:0,(anonymous_3)
FNDA:0,(anonymous_4)
FNDA:0,(anonymous_5)
FNDA:0,(anonymous_6)
FNDA:0,(anonymous_7)
DA:12,2
DA:13,0
DA:14,0
DA:15,0
DA:16,0
DA:17,0
DA:18,0
DA:20,0
DA:21,0
DA:23,0
DA:34,0
DA:35,0
DA:40,0
DA:41,0
DA:45,0
DA:46,0
DA:84,0
DA:85,0
LF:18
LH:1
BRDA:31,0,0,0
BRDA:31,0,1,0
BRDA:49,1,0,0
BRDA:49,1,1,0
BRDA:49,1,2,0
BRDA:49,1,3,0
BRDA:59,2,0,0
BRDA:59,2,1,0
BRF:8
BRH:0
end_of_record
TN:
SF:src/component/page/BookInfo/index.tsx
FN:14,(anonymous_0)
FN:73,(anonymous_1)
FN:81,(anonymous_2)
FN:105,(anonymous_3)
FN:108,(anonymous_4)
FN:117,(anonymous_5)
FN:118,(anonymous_6)
FN:126,(anonymous_7)
FN:128,(anonymous_8)
FN:146,(anonymous_9)
FNF:10
FNH:0
FNDA:0,(anonymous_0)
FNDA:0,(anonymous_1)
FNDA:0,(anonymous_2)
FNDA:0,(anonymous_3)
FNDA:0,(anonymous_4)
FNDA:0,(anonymous_5)
FNDA:0,(anonymous_6)
FNDA:0,(anonymous_7)
FNDA:0,(anonymous_8)
FNDA:0,(anonymous_9)
DA:14,2
DA:73,2
DA:81,2
DA:82,0
DA:83,0
DA:84,0
DA:85,0
DA:99,0
DA:100,0
DA:102,0
DA:103,0
DA:104,0
DA:105,0
DA:106,0
DA:108,0
DA:109,0
DA:110,0
DA:111,0
DA:112,0
DA:115,0
DA:117,0
DA:118,0
DA:119,0
DA:120,0
DA:121,0
DA:123,0
DA:124,0
DA:126,0
DA:127,0
DA:128,0
DA:129,0
DA:130,0
DA:131,0
DA:132,0
DA:133,0
DA:140,0
DA:141,0
DA:143,0
DA:146,0
DA:147,0
DA:148,0
DA:153,0
DA:154,0
DA:159,0
DA:160,0
DA:167,0
LF:46
LH:3
BRDA:99,0,0,0
BRDA:99,0,1,0
BRDA:110,1,0,0
BRDA:110,1,1,0
BRDA:147,2,0,0
BRDA:147,2,1,0
BRDA:153,3,0,0
BRDA:153,3,1,0
BRDA:159,4,0,0
BRDA:159,4,1,0
BRDA:168,5,0,0
BRDA:168,5,1,0
BRDA:200,6,0,0
BRDA:200,6,1,0
BRF:14
BRH:0
end_of_record
TN:
SF:src/component/page/Home/index.tsx
FN:11,(anonymous_0)
FN:36,(anonymous_1)
FN:38,(anonymous_2)
FN:39,(anonymous_3)
FN:51,(anonymous_4)
FN:77,(anonymous_5)
FN:86,(anonymous_6)
FNF:7
FNH:0
FNDA:0,(anonymous_0)
FNDA:0,(anonymous_1)
FNDA:0,(anonymous_2)
FNDA:0,(anonymous_3)
FNDA:0,(anonymous_4)
FNDA:0,(anonymous_5)
FNDA:0,(anonymous_6)
DA:11,2
DA:36,2
DA:37,0
DA:38,0
DA:39,0
DA:40,0
DA:41,0
DA:42,0
DA:45,0
DA:47,0
DA:48,0
DA:51,0
DA:52,0
DA:56,0
DA:57,0
DA:58,0
DA:65,0
DA:67,0
DA:78,0
DA:87,0
DA:88,0
DA:89,0
LF:22
LH:2
BRDA:41,0,0,0
BRDA:41,0,1,0
BRDA:48,1,0,0
BRDA:48,1,1,0
BRDA:84,2,0,0
BRDA:84,2,1,0
BRF:6
BRH:0
end_of_record
TN:
SF:src/component/page/MyLibrary/index.tsx
FN:18,(anonymous_0)
FN:32,(anonymous_1)
FN:36,(anonymous_2)
FN:43,(anonymous_3)
FN:60,(anonymous_4)
FNF:5
FNH:0
FNDA:0,(anonymous_0)
FNDA:0,(anonymous_1)
FNDA:0,(anonymous_2)
FNDA:0,(anonymous_3)
FNDA:0,(anonymous_4)
DA:10,2
DA:18,2
DA:19,0
DA:20,0
DA:21,0
DA:31,0
DA:32,0
DA:33,0
DA:36,0
DA:38,0
DA:39,0
DA:42,0
DA:43,0
DA:44,0
DA:45,0
DA:59,0
DA:60,0
DA:61,0
DA:62,0
DA:83,0
LF:20
LH:2
BRDA:38,0,0,0
BRDA:38,0,1,0
BRDA:42,1,0,0
BRDA:42,1,1,0
BRDA:45,2,0,0
BRDA:45,2,1,0
BRDA:59,3,0,0
BRDA:59,3,1,0
BRF:8
BRH:0
end_of_record
TN:
SF:src/component/template/Template/index.tsx
FN:12,(anonymous_0)
FN:15,(anonymous_1)
FN:22,(anonymous_2)
FN:23,(anonymous_3)
FNF:4
FNH:0
FNDA:0,(anonymous_0)
FNDA:0,(anonymous_1)
FNDA:0,(anonymous_2)
FNDA:0,(anonymous_3)
DA:12,1
DA:13,0
DA:14,0
DA:15,0
DA:16,0
DA:17,0
DA:19,0
DA:20,0
DA:21,0
DA:22,0
DA:23,0
DA:24,0
DA:25,0
DA:26,0
DA:27,0
DA:28,0
DA:29,0
DA:30,0
DA:31,0
DA:32,0
DA:34,0
DA:37,0
LF:22
LH:1
BRDA:38,0,0,0
BRDA:38,0,1,0
BRDA:38,1,0,0
BRDA:38,1,1,0
BRDA:38,1,2,0
BRDA:79,2,0,0
BRDA:79,2,1,0
BRDA:83,3,0,0
BRDA:83,3,1,0
BRF:9
BRH:0
end_of_record
TN:
SF:src/theme/buttonTheme.ts
FNF:0
FNH:0
DA:3,14
LF:1
LH:1
BRF:0
BRH:0
end_of_record
TN:
SF:src/theme/mainTheme.ts
FNF:0
FNH:0
DA:58,7
LF:1
LH:1
BRF:0
BRH:0
end_of_record
TN:
SF:src/theme/tabTheme.ts
FNF:0
FNH:0
DA:2,4
LF:1
LH:1
BRF:0
BRH:0
end_of_record
