TN:
SF:src/App.tsx
FN:4,(anonymous_0)
FNF:1
FNH:0
FNDA:0,(anonymous_0)
DA:4,0
DA:5,0
LF:2
LH:0
BRF:0
BRH:0
end_of_record
TN:
SF:src/index.tsx
FNF:0
FNH:0
DA:7,0
DA:17,0
LF:2
LH:0
BRF:0
BRH:0
end_of_record
TN:
SF:src/react-app-env.d.ts
FNF:0
FNH:0
LF:0
LH:0
BRF:0
BRH:0
end_of_record
TN:
SF:src/reportWebVitals.ts
FN:3,(anonymous_0)
FN:5,(anonymous_1)
FNF:2
FNH:0
FNDA:0,(anonymous_0)
FNDA:0,(anonymous_1)
DA:3,0
DA:4,0
DA:5,0
DA:6,0
DA:7,0
DA:8,0
DA:9,0
DA:10,0
LF:8
LH:0
BRDA:4,0,0,0
BRDA:4,0,1,0
BRDA:4,1,0,0
BRDA:4,1,1,0
BRF:4
BRH:0
end_of_record
TN:
SF:src/component/atom/Blank/index.tsx
FN:3,(anonymous_0)
FNF:1
FNH:0
FNDA:0,(anonymous_0)
DA:3,0
DA:4,0
LF:2
LH:0
BRF:0
BRH:0
end_of_record
TN:
SF:src/component/atom/Button/index.tsx
FN:4,(anonymous_0)
FNF:1
FNH:1
FNDA:1,(anonymous_0)
DA:4,1
DA:5,1
LF:2
LH:2
BRF:0
BRH:0
end_of_record
TN:
SF:src/component/atom/Icon/index.tsx
FN:2,(anonymous_0)
FNF:1
FNH:1
FNDA:1,(anonymous_0)
DA:2,1
DA:3,1
LF:2
LH:2
BRF:0
BRH:0
end_of_record
TN:
SF:src/component/atom/Image/index.tsx
FN:2,(anonymous_0)
FNF:1
FNH:1
FNDA:6,(anonymous_0)
DA:2,3
DA:3,6
LF:2
LH:2
BRF:0
BRH:0
end_of_record
TN:
SF:src/component/atom/Input/index.tsx
FN:3,(anonymous_0)
FNF:1
FNH:1
FNDA:5,(anonymous_0)
DA:3,2
DA:4,5
DA:5,5
LF:3
LH:3
BRF:0
BRH:0
end_of_record
TN:
SF:src/component/atom/ProgressBar/index.tsx
FN:3,(anonymous_0)
FNF:1
FNH:1
FNDA:3,(anonymous_0)
DA:3,1
DA:4,3
LF:2
LH:2
BRDA:5,0,0,1
BRDA:5,0,1,2
BRF:2
BRH:2
end_of_record
TN:
SF:src/component/atom/Typography/index.tsx
FN:4,(anonymous_0)
FNF:1
FNH:1
FNDA:209,(anonymous_0)
DA:4,7
DA:5,209
LF:2
LH:2
BRF:0
BRH:0
end_of_record
TN:
SF:src/component/molecule/Banner/index.tsx
FN:6,(anonymous_0)
FN:31,(anonymous_1)
FNF:2
FNH:2
FNDA:2,(anonymous_0)
FNDA:2,(anonymous_1)
DA:6,2
DA:31,1
DA:32,2
DA:33,2
LF:4
LH:4
BRF:0
BRH:0
end_of_record
TN:
SF:src/component/molecule/Logo/index.tsx
FN:4,(anonymous_0)
FNF:1
FNH:1
FNDA:4,(anonymous_0)
DA:4,2
DA:5,4
LF:2
LH:2
BRDA:4,0,0,1
BRF:1
BRH:1
end_of_record
TN:
SF:src/component/molecule/NavIcon/index.tsx
FN:3,(anonymous_0)
FNF:1
FNH:1
FNDA:133,(anonymous_0)
DA:3,2
DA:4,133
LF:2
LH:2
BRDA:6,0,0,132
BRDA:6,0,1,1
BRDA:10,1,0,1
BRDA:10,1,1,132
BRF:4
BRH:4
end_of_record
TN:
SF:src/component/molecule/Search/index.tsx
FN:7,(anonymous_0)
FN:9,(anonymous_1)
FN:12,(anonymous_2)
FN:19,(anonymous_3)
FN:47,(anonymous_4)
FNF:5
FNH:5
FNDA:4,(anonymous_0)
FNDA:1,(anonymous_1)
FNDA:12,(anonymous_2)
FNDA:2,(anonymous_3)
FNDA:2,(anonymous_4)
DA:7,1
DA:8,4
DA:9,3
DA:10,1
DA:11,1
DA:13,12
DA:14,94
DA:15,2
DA:18,10
DA:20,2
DA:28,3
DA:48,2
LF:12
LH:12
BRDA:14,0,0,2
BRDA:14,0,1,92
BRDA:14,1,0,94
BRDA:14,1,1,94
BRDA:14,1,2,82
BRDA:47,2,0,3
BRDA:47,2,1,1
BRF:7
BRH:7
end_of_record
TN:
SF:src/component/molecule/tabs/index.tsx
FN:9,(anonymous_0)
FN:18,TabsWrappedLabel
FN:21,(anonymous_2)
FN:38,(anonymous_3)
FNF:4
FNH:3
FNDA:2,(anonymous_0)
FNDA:2,TabsWrappedLabel
FNDA:0,(anonymous_2)
FNDA:4,(anonymous_3)
DA:9,2
DA:19,2
DA:20,2
DA:21,2
DA:22,0
DA:23,0
DA:25,2
DA:39,4
LF:8
LH:6
BRDA:20,0,0,2
BRDA:20,0,1,2
BRF:2
BRH:2
end_of_record
TN:
SF:src/component/organism/Card/index.tsx
FN:55,(anonymous_0)
FN:58,(anonymous_1)
FN:96,(anonymous_2)
FNF:3
FNH:0
FNDA:0,(anonymous_0)
FNDA:0,(anonymous_1)
FNDA:0,(anonymous_2)
DA:13,0
DA:55,0
DA:56,0
DA:57,0
DA:58,0
DA:59,0
DA:61,0
DA:97,0
LF:8
LH:0
BRDA:55,0,0,0
BRDA:64,1,0,0
BRDA:64,1,1,0
BRDA:64,2,0,0
BRDA:64,2,1,0
BRDA:71,3,0,0
BRDA:71,3,1,0
BRDA:71,4,0,0
BRDA:71,4,1,0
BRDA:89,5,0,0
BRDA:89,5,1,0
BRDA:93,6,0,0
BRDA:93,6,1,0
BRDA:100,7,0,0
BRDA:100,7,1,0
BRDA:101,8,0,0
BRDA:101,8,1,0
BRF:17
BRH:0
end_of_record
TN:
SF:src/component/organism/Explore/index.tsx
FN:15,(anonymous_0)
FN:60,(anonymous_1)
FN:202,(anonymous_2)
FNF:3
FNH:3
FNDA:5,(anonymous_0)
FNDA:5,(anonymous_1)
FNDA:130,(anonymous_2)
DA:15,5
DA:24,1
DA:60,1
DA:61,5
DA:62,5
DA:63,5
DA:77,5
DA:184,5
DA:203,130
LF:9
LH:9
BRF:0
BRH:0
end_of_record
TN:
SF:src/component/organism/Footer/index.tsx
FN:4,(anonymous_0)
FN:46,(anonymous_1)
FN:54,(anonymous_2)
FNF:3
FNH:3
FNDA:4,(anonymous_0)
FNDA:12,(anonymous_1)
FNDA:48,(anonymous_2)
DA:4,1
DA:5,4
DA:34,4
DA:47,12
DA:55,48
LF:5
LH:5
BRF:0
BRH:0
end_of_record
TN:
SF:src/component/organism/Header/index.tsx
FN:11,(anonymous_0)
FN:16,(anonymous_1)
FN:19,(anonymous_2)
FN:22,(anonymous_3)
FN:38,(anonymous_4)
FN:44,(anonymous_5)
FN:49,(anonymous_6)
FN:90,(anonymous_7)
FNF:8
FNH:0
FNDA:0,(anonymous_0)
FNDA:0,(anonymous_1)
FNDA:0,(anonymous_2)
FNDA:0,(anonymous_3)
FNDA:0,(anonymous_4)
FNDA:0,(anonymous_5)
FNDA:0,(anonymous_6)
FNDA:0,(anonymous_7)
DA:11,0
DA:12,0
DA:13,0
DA:14,0
DA:15,0
DA:16,0
DA:17,0
DA:19,0
DA:20,0
DA:22,0
DA:23,0
DA:25,0
DA:39,0
DA:40,0
DA:45,0
DA:46,0
DA:50,0
DA:51,0
DA:91,0
LF:19
LH:0
BRDA:36,0,0,0
BRDA:36,0,1,0
BRDA:56,1,0,0
BRDA:56,1,1,0
BRDA:66,2,0,0
BRDA:66,2,1,0
BRF:6
BRH:0
end_of_record
TN:
SF:src/component/page/BookInfo/index.tsx
FN:14,(anonymous_0)
FN:73,(anonymous_1)
FN:81,(anonymous_2)
FN:102,(anonymous_3)
FN:105,(anonymous_4)
FN:115,(anonymous_5)
FN:116,(anonymous_6)
FN:124,(anonymous_7)
FN:126,(anonymous_8)
FN:144,(anonymous_9)
FNF:10
FNH:0
FNDA:0,(anonymous_0)
FNDA:0,(anonymous_1)
FNDA:0,(anonymous_2)
FNDA:0,(anonymous_3)
FNDA:0,(anonymous_4)
FNDA:0,(anonymous_5)
FNDA:0,(anonymous_6)
FNDA:0,(anonymous_7)
FNDA:0,(anonymous_8)
FNDA:0,(anonymous_9)
DA:14,0
DA:73,0
DA:81,0
DA:82,0
DA:83,0
DA:84,0
DA:85,0
DA:99,0
DA:100,0
DA:101,0
DA:102,0
DA:103,0
DA:105,0
DA:106,0
DA:107,0
DA:108,0
DA:109,0
DA:110,0
DA:113,0
DA:115,0
DA:116,0
DA:117,0
DA:118,0
DA:119,0
DA:121,0
DA:122,0
DA:124,0
DA:125,0
DA:126,0
DA:127,0
DA:128,0
DA:129,0
DA:130,0
DA:131,0
DA:138,0
DA:139,0
DA:141,0
DA:144,0
DA:145,0
DA:146,0
DA:151,0
DA:152,0
DA:157,0
DA:158,0
DA:165,0
LF:45
LH:0
BRDA:108,0,0,0
BRDA:108,0,1,0
BRDA:145,1,0,0
BRDA:145,1,1,0
BRDA:151,2,0,0
BRDA:151,2,1,0
BRDA:157,3,0,0
BRDA:157,3,1,0
BRDA:166,4,0,0
BRDA:166,4,1,0
BRDA:198,5,0,0
BRDA:198,5,1,0
BRF:12
BRH:0
end_of_record
TN:
SF:src/component/page/Home/index.tsx
FN:11,(anonymous_0)
FN:36,(anonymous_1)
FN:38,(anonymous_2)
FN:39,(anonymous_3)
FN:51,(anonymous_4)
FN:69,(anonymous_5)
FN:83,(anonymous_6)
FN:92,(anonymous_7)
FNF:8
FNH:0
FNDA:0,(anonymous_0)
FNDA:0,(anonymous_1)
FNDA:0,(anonymous_2)
FNDA:0,(anonymous_3)
FNDA:0,(anonymous_4)
FNDA:0,(anonymous_5)
FNDA:0,(anonymous_6)
FNDA:0,(anonymous_7)
DA:11,0
DA:36,0
DA:37,0
DA:38,0
DA:39,0
DA:40,0
DA:41,0
DA:42,0
DA:45,0
DA:47,0
DA:48,0
DA:51,0
DA:52,0
DA:53,0
DA:57,0
DA:58,0
DA:59,0
DA:66,0
DA:68,0
DA:69,0
DA:70,0
DA:73,0
DA:84,0
DA:93,0
DA:94,0
DA:95,0
LF:26
LH:0
BRDA:41,0,0,0
BRDA:41,0,1,0
BRDA:48,1,0,0
BRDA:48,1,1,0
BRDA:90,2,0,0
BRDA:90,2,1,0
BRF:6
BRH:0
end_of_record
TN:
SF:src/component/page/MyLibrary/index.tsx
FN:18,(anonymous_0)
FN:33,(anonymous_1)
FN:37,(anonymous_2)
FN:44,(anonymous_3)
FN:60,(anonymous_4)
FNF:5
FNH:0
FNDA:0,(anonymous_0)
FNDA:0,(anonymous_1)
FNDA:0,(anonymous_2)
FNDA:0,(anonymous_3)
FNDA:0,(anonymous_4)
DA:10,0
DA:18,0
DA:19,0
DA:20,0
DA:21,0
DA:22,0
DA:32,0
DA:33,0
DA:34,0
DA:37,0
DA:39,0
DA:40,0
DA:43,0
DA:44,0
DA:45,0
DA:46,0
DA:60,0
DA:61,0
DA:62,0
DA:82,0
LF:20
LH:0
BRDA:39,0,0,0
BRDA:39,0,1,0
BRDA:43,1,0,0
BRDA:43,1,1,0
BRDA:46,2,0,0
BRDA:46,2,1,0
BRF:6
BRH:0
end_of_record
TN:
SF:src/component/template/Template/index.tsx
FN:13,(anonymous_0)
FN:16,(anonymous_1)
FN:23,(anonymous_2)
FN:24,(anonymous_3)
FNF:4
FNH:0
FNDA:0,(anonymous_0)
FNDA:0,(anonymous_1)
FNDA:0,(anonymous_2)
FNDA:0,(anonymous_3)
DA:13,0
DA:14,0
DA:15,0
DA:16,0
DA:17,0
DA:18,0
DA:20,0
DA:21,0
DA:22,0
DA:23,0
DA:24,0
DA:25,0
DA:26,0
DA:27,0
DA:28,0
DA:29,0
DA:30,0
DA:31,0
DA:32,0
DA:33,0
DA:35,0
DA:38,0
LF:22
LH:0
BRDA:39,0,0,0
BRDA:39,0,1,0
BRDA:39,1,0,0
BRDA:39,1,1,0
BRDA:39,1,2,0
BRDA:80,2,0,0
BRDA:80,2,1,0
BRDA:84,3,0,0
BRDA:84,3,1,0
BRF:9
BRH:0
end_of_record
TN:
SF:src/theme/baseTheme.ts
FNF:0
FNH:0
DA:3,8
LF:1
LH:1
BRF:0
BRH:0
end_of_record
TN:
SF:src/theme/mainTheme.ts
FNF:0
FNH:0
DA:58,1
LF:1
LH:1
BRF:0
BRH:0
end_of_record
TN:
SF:src/theme/tabTheme.ts
FNF:0
FNH:0
DA:2,1
LF:1
LH:1
BRF:0
BRH:0
end_of_record
